Classic Timing Analyzer report for ClkDiv
Tue Nov 17 17:27:22 2015
Quartus II Version 9.1 Build 222 10/21/2009 SJ Web Edition


---------------------
; Table of Contents ;
---------------------
  1. Legal Notice
  2. Timing Analyzer Summary
  3. Timing Analyzer Settings
  4. Clock Settings Summary
  5. Parallel Compilation
  6. Clock Setup: 'CLOCK_50'
  7. tco
  8. Timing Analyzer Messages



----------------
; Legal Notice ;
----------------
Copyright (C) 1991-2009 Altera Corporation
Your use of Altera Corporation's design tools, logic functions 
and other software and tools, and its AMPP partner logic 
functions, and any output files from any of the foregoing 
(including device programming or simulation files), and any 
associated documentation or information are expressly subject 
to the terms and conditions of the Altera Program License 
Subscription Agreement, Altera MegaCore Function License 
Agreement, or other applicable license agreement, including, 
without limitation, that your use is for the sole purpose of 
programming logic devices manufactured by Altera and sold by 
Altera or its authorized distributors.  Please refer to the 
applicable agreement for further details.



+--------------------------------------------------------------------------------------------------------------------------------------------------------+
; Timing Analyzer Summary                                                                                                                                ;
+------------------------------+-------+---------------+----------------------------------+------------+----------+------------+----------+--------------+
; Type                         ; Slack ; Required Time ; Actual Time                      ; From       ; To       ; From Clock ; To Clock ; Failed Paths ;
+------------------------------+-------+---------------+----------------------------------+------------+----------+------------+----------+--------------+
; Worst-case tco               ; N/A   ; None          ; 8.791 ns                         ; Clock~reg0 ; Clock    ; CLOCK_50   ; --       ; 0            ;
; Clock Setup: 'CLOCK_50'      ; N/A   ; None          ; 204.58 MHz ( period = 4.888 ns ) ; count[13]  ; count[0] ; CLOCK_50   ; CLOCK_50 ; 0            ;
; Total number of failed paths ;       ;               ;                                  ;            ;          ;            ;          ; 0            ;
+------------------------------+-------+---------------+----------------------------------+------------+----------+------------+----------+--------------+


+-----------------------------------------------------------------------------------------------------------------------------------------------------+
; Timing Analyzer Settings                                                                                                                            ;
+------------------------------------------------------------------------------------------------------+--------------------+------+----+-------------+
; Option                                                                                               ; Setting            ; From ; To ; Entity Name ;
+------------------------------------------------------------------------------------------------------+--------------------+------+----+-------------+
; Device Name                                                                                          ; EP2C20F484C7       ;      ;    ;             ;
; Timing Models                                                                                        ; Final              ;      ;    ;             ;
; Default hold multicycle                                                                              ; Same as Multicycle ;      ;    ;             ;
; Cut paths between unrelated clock domains                                                            ; On                 ;      ;    ;             ;
; Cut off read during write signal paths                                                               ; On                 ;      ;    ;             ;
; Cut off feedback from I/O pins                                                                       ; On                 ;      ;    ;             ;
; Report Combined Fast/Slow Timing                                                                     ; Off                ;      ;    ;             ;
; Ignore Clock Settings                                                                                ; Off                ;      ;    ;             ;
; Analyze latches as synchronous elements                                                              ; On                 ;      ;    ;             ;
; Enable Recovery/Removal analysis                                                                     ; Off                ;      ;    ;             ;
; Enable Clock Latency                                                                                 ; Off                ;      ;    ;             ;
; Use TimeQuest Timing Analyzer                                                                        ; Off                ;      ;    ;             ;
; Minimum Core Junction Temperature                                                                    ; 0                  ;      ;    ;             ;
; Maximum Core Junction Temperature                                                                    ; 85                 ;      ;    ;             ;
; Number of source nodes to report per destination node                                                ; 10                 ;      ;    ;             ;
; Number of destination nodes to report                                                                ; 10                 ;      ;    ;             ;
; Number of paths to report                                                                            ; 200                ;      ;    ;             ;
; Report Minimum Timing Checks                                                                         ; Off                ;      ;    ;             ;
; Use Fast Timing Models                                                                               ; Off                ;      ;    ;             ;
; Report IO Paths Separately                                                                           ; Off                ;      ;    ;             ;
; Perform Multicorner Analysis                                                                         ; On                 ;      ;    ;             ;
; Reports the worst-case path for each clock domain and analysis                                       ; Off                ;      ;    ;             ;
; Reports worst-case timing paths for each clock domain and analysis                                   ; On                 ;      ;    ;             ;
; Specifies the maximum number of worst-case timing paths to report for each clock domain and analysis ; 100                ;      ;    ;             ;
; Removes common clock path pessimism (CCPP) during slack computation                                  ; Off                ;      ;    ;             ;
; Output I/O Timing Endpoint                                                                           ; Near End           ;      ;    ;             ;
+------------------------------------------------------------------------------------------------------+--------------------+------+----+-------------+


+------------------------------------------------------------------------------------------------------------------------------------------------------------------------------------+
; Clock Settings Summary                                                                                                                                                             ;
+-----------------+--------------------+----------+------------------+---------------+--------------+----------+-----------------------+---------------------+--------+--------------+
; Clock Node Name ; Clock Setting Name ; Type     ; Fmax Requirement ; Early Latency ; Late Latency ; Based on ; Multiply Base Fmax by ; Divide Base Fmax by ; Offset ; Phase offset ;
+-----------------+--------------------+----------+------------------+---------------+--------------+----------+-----------------------+---------------------+--------+--------------+
; CLOCK_50        ;                    ; User Pin ; None             ; 0.000 ns      ; 0.000 ns     ; --       ; N/A                   ; N/A                 ; N/A    ;              ;
+-----------------+--------------------+----------+------------------+---------------+--------------+----------+-----------------------+---------------------+--------+--------------+


Parallel compilation was disabled, but you have multiple processors available. Enable parallel compilation to reduce compilation time.
+-------------------------------------+
; Parallel Compilation                ;
+----------------------------+--------+
; Processors                 ; Number ;
+----------------------------+--------+
; Number detected on machine ; 4      ;
; Maximum allowed            ; 1      ;
+----------------------------+--------+


+-----------------------------------------------------------------------------------------------------------------------------------------------------------------------------------------------------------------------------------+
; Clock Setup: 'CLOCK_50'                                                                                                                                                                                                           ;
+-----------------------------------------+-----------------------------------------------------+-----------+-----------+------------+----------+-----------------------------+---------------------------+-------------------------+
; Slack                                   ; Actual fmax (period)                                ; From      ; To        ; From Clock ; To Clock ; Required Setup Relationship ; Required Longest P2P Time ; Actual Longest P2P Time ;
+-----------------------------------------+-----------------------------------------------------+-----------+-----------+------------+----------+-----------------------------+---------------------------+-------------------------+
; N/A                                     ; 204.58 MHz ( period = 4.888 ns )                    ; count[13] ; count[15] ; CLOCK_50   ; CLOCK_50 ; None                        ; None                      ; 4.649 ns                ;
; N/A                                     ; 204.58 MHz ( period = 4.888 ns )                    ; count[13] ; count[10] ; CLOCK_50   ; CLOCK_50 ; None                        ; None                      ; 4.649 ns                ;
; N/A                                     ; 204.58 MHz ( period = 4.888 ns )                    ; count[13] ; count[14] ; CLOCK_50   ; CLOCK_50 ; None                        ; None                      ; 4.649 ns                ;
; N/A                                     ; 204.58 MHz ( period = 4.888 ns )                    ; count[13] ; count[13] ; CLOCK_50   ; CLOCK_50 ; None                        ; None                      ; 4.649 ns                ;
; N/A                                     ; 204.58 MHz ( period = 4.888 ns )                    ; count[13] ; count[11] ; CLOCK_50   ; CLOCK_50 ; None                        ; None                      ; 4.649 ns                ;
; N/A                                     ; 204.58 MHz ( period = 4.888 ns )                    ; count[13] ; count[12] ; CLOCK_50   ; CLOCK_50 ; None                        ; None                      ; 4.649 ns                ;
; N/A                                     ; 204.58 MHz ( period = 4.888 ns )                    ; count[13] ; count[9]  ; CLOCK_50   ; CLOCK_50 ; None                        ; None                      ; 4.649 ns                ;
; N/A                                     ; 204.58 MHz ( period = 4.888 ns )                    ; count[13] ; count[6]  ; CLOCK_50   ; CLOCK_50 ; None                        ; None                      ; 4.649 ns                ;
; N/A                                     ; 204.58 MHz ( period = 4.888 ns )                    ; count[13] ; count[8]  ; CLOCK_50   ; CLOCK_50 ; None                        ; None                      ; 4.649 ns                ;
; N/A                                     ; 204.58 MHz ( period = 4.888 ns )                    ; count[13] ; count[7]  ; CLOCK_50   ; CLOCK_50 ; None                        ; None                      ; 4.649 ns                ;
; N/A                                     ; 204.58 MHz ( period = 4.888 ns )                    ; count[13] ; count[5]  ; CLOCK_50   ; CLOCK_50 ; None                        ; None                      ; 4.649 ns                ;
; N/A                                     ; 204.58 MHz ( period = 4.888 ns )                    ; count[13] ; count[4]  ; CLOCK_50   ; CLOCK_50 ; None                        ; None                      ; 4.649 ns                ;
; N/A                                     ; 204.58 MHz ( period = 4.888 ns )                    ; count[13] ; count[3]  ; CLOCK_50   ; CLOCK_50 ; None                        ; None                      ; 4.649 ns                ;
; N/A                                     ; 204.58 MHz ( period = 4.888 ns )                    ; count[13] ; count[2]  ; CLOCK_50   ; CLOCK_50 ; None                        ; None                      ; 4.649 ns                ;
; N/A                                     ; 204.58 MHz ( period = 4.888 ns )                    ; count[13] ; count[1]  ; CLOCK_50   ; CLOCK_50 ; None                        ; None                      ; 4.649 ns                ;
; N/A                                     ; 204.58 MHz ( period = 4.888 ns )                    ; count[13] ; count[0]  ; CLOCK_50   ; CLOCK_50 ; None                        ; None                      ; 4.649 ns                ;
; N/A                                     ; 213.08 MHz ( period = 4.693 ns )                    ; count[17] ; count[15] ; CLOCK_50   ; CLOCK_50 ; None                        ; None                      ; 4.462 ns                ;
; N/A                                     ; 213.08 MHz ( period = 4.693 ns )                    ; count[17] ; count[10] ; CLOCK_50   ; CLOCK_50 ; None                        ; None                      ; 4.462 ns                ;
; N/A                                     ; 213.08 MHz ( period = 4.693 ns )                    ; count[17] ; count[14] ; CLOCK_50   ; CLOCK_50 ; None                        ; None                      ; 4.462 ns                ;
; N/A                                     ; 213.08 MHz ( period = 4.693 ns )                    ; count[17] ; count[13] ; CLOCK_50   ; CLOCK_50 ; None                        ; None                      ; 4.462 ns                ;
; N/A                                     ; 213.08 MHz ( period = 4.693 ns )                    ; count[17] ; count[11] ; CLOCK_50   ; CLOCK_50 ; None                        ; None                      ; 4.462 ns                ;
; N/A                                     ; 213.08 MHz ( period = 4.693 ns )                    ; count[17] ; count[12] ; CLOCK_50   ; CLOCK_50 ; None                        ; None                      ; 4.462 ns                ;
; N/A                                     ; 213.08 MHz ( period = 4.693 ns )                    ; count[17] ; count[9]  ; CLOCK_50   ; CLOCK_50 ; None                        ; None                      ; 4.462 ns                ;
; N/A                                     ; 213.08 MHz ( period = 4.693 ns )                    ; count[17] ; count[6]  ; CLOCK_50   ; CLOCK_50 ; None                        ; None                      ; 4.462 ns                ;
; N/A                                     ; 213.08 MHz ( period = 4.693 ns )                    ; count[17] ; count[8]  ; CLOCK_50   ; CLOCK_50 ; None                        ; None                      ; 4.462 ns                ;
; N/A                                     ; 213.08 MHz ( period = 4.693 ns )                    ; count[17] ; count[7]  ; CLOCK_50   ; CLOCK_50 ; None                        ; None                      ; 4.462 ns                ;
; N/A                                     ; 213.08 MHz ( period = 4.693 ns )                    ; count[17] ; count[5]  ; CLOCK_50   ; CLOCK_50 ; None                        ; None                      ; 4.462 ns                ;
; N/A                                     ; 213.08 MHz ( period = 4.693 ns )                    ; count[17] ; count[4]  ; CLOCK_50   ; CLOCK_50 ; None                        ; None                      ; 4.462 ns                ;
; N/A                                     ; 213.08 MHz ( period = 4.693 ns )                    ; count[17] ; count[3]  ; CLOCK_50   ; CLOCK_50 ; None                        ; None                      ; 4.462 ns                ;
; N/A                                     ; 213.08 MHz ( period = 4.693 ns )                    ; count[17] ; count[2]  ; CLOCK_50   ; CLOCK_50 ; None                        ; None                      ; 4.462 ns                ;
; N/A                                     ; 213.08 MHz ( period = 4.693 ns )                    ; count[17] ; count[1]  ; CLOCK_50   ; CLOCK_50 ; None                        ; None                      ; 4.462 ns                ;
; N/A                                     ; 213.08 MHz ( period = 4.693 ns )                    ; count[17] ; count[0]  ; CLOCK_50   ; CLOCK_50 ; None                        ; None                      ; 4.462 ns                ;
; N/A                                     ; 215.47 MHz ( period = 4.641 ns )                    ; count[14] ; count[15] ; CLOCK_50   ; CLOCK_50 ; None                        ; None                      ; 4.402 ns                ;
; N/A                                     ; 215.47 MHz ( period = 4.641 ns )                    ; count[14] ; count[10] ; CLOCK_50   ; CLOCK_50 ; None                        ; None                      ; 4.402 ns                ;
; N/A                                     ; 215.47 MHz ( period = 4.641 ns )                    ; count[14] ; count[14] ; CLOCK_50   ; CLOCK_50 ; None                        ; None                      ; 4.402 ns                ;
; N/A                                     ; 215.47 MHz ( period = 4.641 ns )                    ; count[14] ; count[13] ; CLOCK_50   ; CLOCK_50 ; None                        ; None                      ; 4.402 ns                ;
; N/A                                     ; 215.47 MHz ( period = 4.641 ns )                    ; count[14] ; count[11] ; CLOCK_50   ; CLOCK_50 ; None                        ; None                      ; 4.402 ns                ;
; N/A                                     ; 215.47 MHz ( period = 4.641 ns )                    ; count[14] ; count[12] ; CLOCK_50   ; CLOCK_50 ; None                        ; None                      ; 4.402 ns                ;
; N/A                                     ; 215.47 MHz ( period = 4.641 ns )                    ; count[14] ; count[9]  ; CLOCK_50   ; CLOCK_50 ; None                        ; None                      ; 4.402 ns                ;
; N/A                                     ; 215.47 MHz ( period = 4.641 ns )                    ; count[14] ; count[6]  ; CLOCK_50   ; CLOCK_50 ; None                        ; None                      ; 4.402 ns                ;
; N/A                                     ; 215.47 MHz ( period = 4.641 ns )                    ; count[14] ; count[8]  ; CLOCK_50   ; CLOCK_50 ; None                        ; None                      ; 4.402 ns                ;
; N/A                                     ; 215.47 MHz ( period = 4.641 ns )                    ; count[14] ; count[7]  ; CLOCK_50   ; CLOCK_50 ; None                        ; None                      ; 4.402 ns                ;
; N/A                                     ; 215.47 MHz ( period = 4.641 ns )                    ; count[14] ; count[5]  ; CLOCK_50   ; CLOCK_50 ; None                        ; None                      ; 4.402 ns                ;
; N/A                                     ; 215.47 MHz ( period = 4.641 ns )                    ; count[14] ; count[4]  ; CLOCK_50   ; CLOCK_50 ; None                        ; None                      ; 4.402 ns                ;
; N/A                                     ; 215.47 MHz ( period = 4.641 ns )                    ; count[14] ; count[3]  ; CLOCK_50   ; CLOCK_50 ; None                        ; None                      ; 4.402 ns                ;
; N/A                                     ; 215.47 MHz ( period = 4.641 ns )                    ; count[14] ; count[2]  ; CLOCK_50   ; CLOCK_50 ; None                        ; None                      ; 4.402 ns                ;
; N/A                                     ; 215.47 MHz ( period = 4.641 ns )                    ; count[14] ; count[1]  ; CLOCK_50   ; CLOCK_50 ; None                        ; None                      ; 4.402 ns                ;
; N/A                                     ; 215.47 MHz ( period = 4.641 ns )                    ; count[14] ; count[0]  ; CLOCK_50   ; CLOCK_50 ; None                        ; None                      ; 4.402 ns                ;
; N/A                                     ; 215.89 MHz ( period = 4.632 ns )                    ; count[18] ; count[15] ; CLOCK_50   ; CLOCK_50 ; None                        ; None                      ; 4.401 ns                ;
; N/A                                     ; 215.89 MHz ( period = 4.632 ns )                    ; count[18] ; count[10] ; CLOCK_50   ; CLOCK_50 ; None                        ; None                      ; 4.401 ns                ;
; N/A                                     ; 215.89 MHz ( period = 4.632 ns )                    ; count[18] ; count[14] ; CLOCK_50   ; CLOCK_50 ; None                        ; None                      ; 4.401 ns                ;
; N/A                                     ; 215.89 MHz ( period = 4.632 ns )                    ; count[18] ; count[13] ; CLOCK_50   ; CLOCK_50 ; None                        ; None                      ; 4.401 ns                ;
; N/A                                     ; 215.89 MHz ( period = 4.632 ns )                    ; count[18] ; count[11] ; CLOCK_50   ; CLOCK_50 ; None                        ; None                      ; 4.401 ns                ;
; N/A                                     ; 215.89 MHz ( period = 4.632 ns )                    ; count[18] ; count[12] ; CLOCK_50   ; CLOCK_50 ; None                        ; None                      ; 4.401 ns                ;
; N/A                                     ; 215.89 MHz ( period = 4.632 ns )                    ; count[18] ; count[9]  ; CLOCK_50   ; CLOCK_50 ; None                        ; None                      ; 4.401 ns                ;
; N/A                                     ; 215.89 MHz ( period = 4.632 ns )                    ; count[18] ; count[6]  ; CLOCK_50   ; CLOCK_50 ; None                        ; None                      ; 4.401 ns                ;
; N/A                                     ; 215.89 MHz ( period = 4.632 ns )                    ; count[18] ; count[8]  ; CLOCK_50   ; CLOCK_50 ; None                        ; None                      ; 4.401 ns                ;
; N/A                                     ; 215.89 MHz ( period = 4.632 ns )                    ; count[18] ; count[7]  ; CLOCK_50   ; CLOCK_50 ; None                        ; None                      ; 4.401 ns                ;
; N/A                                     ; 215.89 MHz ( period = 4.632 ns )                    ; count[18] ; count[5]  ; CLOCK_50   ; CLOCK_50 ; None                        ; None                      ; 4.401 ns                ;
; N/A                                     ; 215.89 MHz ( period = 4.632 ns )                    ; count[18] ; count[4]  ; CLOCK_50   ; CLOCK_50 ; None                        ; None                      ; 4.401 ns                ;
; N/A                                     ; 215.89 MHz ( period = 4.632 ns )                    ; count[18] ; count[3]  ; CLOCK_50   ; CLOCK_50 ; None                        ; None                      ; 4.401 ns                ;
; N/A                                     ; 215.89 MHz ( period = 4.632 ns )                    ; count[18] ; count[2]  ; CLOCK_50   ; CLOCK_50 ; None                        ; None                      ; 4.401 ns                ;
; N/A                                     ; 215.89 MHz ( period = 4.632 ns )                    ; count[18] ; count[1]  ; CLOCK_50   ; CLOCK_50 ; None                        ; None                      ; 4.401 ns                ;
; N/A                                     ; 215.89 MHz ( period = 4.632 ns )                    ; count[18] ; count[0]  ; CLOCK_50   ; CLOCK_50 ; None                        ; None                      ; 4.401 ns                ;
; N/A                                     ; 218.96 MHz ( period = 4.567 ns )                    ; count[13] ; count[31] ; CLOCK_50   ; CLOCK_50 ; None                        ; None                      ; 4.320 ns                ;
; N/A                                     ; 218.96 MHz ( period = 4.567 ns )                    ; count[13] ; count[30] ; CLOCK_50   ; CLOCK_50 ; None                        ; None                      ; 4.320 ns                ;
; N/A                                     ; 218.96 MHz ( period = 4.567 ns )                    ; count[13] ; count[29] ; CLOCK_50   ; CLOCK_50 ; None                        ; None                      ; 4.320 ns                ;
; N/A                                     ; 218.96 MHz ( period = 4.567 ns )                    ; count[13] ; count[24] ; CLOCK_50   ; CLOCK_50 ; None                        ; None                      ; 4.320 ns                ;
; N/A                                     ; 218.96 MHz ( period = 4.567 ns )                    ; count[13] ; count[26] ; CLOCK_50   ; CLOCK_50 ; None                        ; None                      ; 4.320 ns                ;
; N/A                                     ; 218.96 MHz ( period = 4.567 ns )                    ; count[13] ; count[28] ; CLOCK_50   ; CLOCK_50 ; None                        ; None                      ; 4.320 ns                ;
; N/A                                     ; 218.96 MHz ( period = 4.567 ns )                    ; count[13] ; count[25] ; CLOCK_50   ; CLOCK_50 ; None                        ; None                      ; 4.320 ns                ;
; N/A                                     ; 218.96 MHz ( period = 4.567 ns )                    ; count[13] ; count[27] ; CLOCK_50   ; CLOCK_50 ; None                        ; None                      ; 4.320 ns                ;
; N/A                                     ; 218.96 MHz ( period = 4.567 ns )                    ; count[13] ; count[17] ; CLOCK_50   ; CLOCK_50 ; None                        ; None                      ; 4.320 ns                ;
; N/A                                     ; 218.96 MHz ( period = 4.567 ns )                    ; count[13] ; count[21] ; CLOCK_50   ; CLOCK_50 ; None                        ; None                      ; 4.320 ns                ;
; N/A                                     ; 218.96 MHz ( period = 4.567 ns )                    ; count[13] ; count[22] ; CLOCK_50   ; CLOCK_50 ; None                        ; None                      ; 4.320 ns                ;
; N/A                                     ; 218.96 MHz ( period = 4.567 ns )                    ; count[13] ; count[20] ; CLOCK_50   ; CLOCK_50 ; None                        ; None                      ; 4.320 ns                ;
; N/A                                     ; 218.96 MHz ( period = 4.567 ns )                    ; count[13] ; count[23] ; CLOCK_50   ; CLOCK_50 ; None                        ; None                      ; 4.320 ns                ;
; N/A                                     ; 218.96 MHz ( period = 4.567 ns )                    ; count[13] ; count[18] ; CLOCK_50   ; CLOCK_50 ; None                        ; None                      ; 4.320 ns                ;
; N/A                                     ; 218.96 MHz ( period = 4.567 ns )                    ; count[13] ; count[16] ; CLOCK_50   ; CLOCK_50 ; None                        ; None                      ; 4.320 ns                ;
; N/A                                     ; 218.96 MHz ( period = 4.567 ns )                    ; count[13] ; count[19] ; CLOCK_50   ; CLOCK_50 ; None                        ; None                      ; 4.320 ns                ;
; N/A                                     ; 219.93 MHz ( period = 4.547 ns )                    ; count[19] ; count[15] ; CLOCK_50   ; CLOCK_50 ; None                        ; None                      ; 4.316 ns                ;
; N/A                                     ; 219.93 MHz ( period = 4.547 ns )                    ; count[19] ; count[10] ; CLOCK_50   ; CLOCK_50 ; None                        ; None                      ; 4.316 ns                ;
; N/A                                     ; 219.93 MHz ( period = 4.547 ns )                    ; count[19] ; count[14] ; CLOCK_50   ; CLOCK_50 ; None                        ; None                      ; 4.316 ns                ;
; N/A                                     ; 219.93 MHz ( period = 4.547 ns )                    ; count[19] ; count[13] ; CLOCK_50   ; CLOCK_50 ; None                        ; None                      ; 4.316 ns                ;
; N/A                                     ; 219.93 MHz ( period = 4.547 ns )                    ; count[19] ; count[11] ; CLOCK_50   ; CLOCK_50 ; None                        ; None                      ; 4.316 ns                ;
; N/A                                     ; 219.93 MHz ( period = 4.547 ns )                    ; count[19] ; count[12] ; CLOCK_50   ; CLOCK_50 ; None                        ; None                      ; 4.316 ns                ;
; N/A                                     ; 219.93 MHz ( period = 4.547 ns )                    ; count[19] ; count[9]  ; CLOCK_50   ; CLOCK_50 ; None                        ; None                      ; 4.316 ns                ;
; N/A                                     ; 219.93 MHz ( period = 4.547 ns )                    ; count[19] ; count[6]  ; CLOCK_50   ; CLOCK_50 ; None                        ; None                      ; 4.316 ns                ;
; N/A                                     ; 219.93 MHz ( period = 4.547 ns )                    ; count[19] ; count[8]  ; CLOCK_50   ; CLOCK_50 ; None                        ; None                      ; 4.316 ns                ;
; N/A                                     ; 219.93 MHz ( period = 4.547 ns )                    ; count[19] ; count[7]  ; CLOCK_50   ; CLOCK_50 ; None                        ; None                      ; 4.316 ns                ;
; N/A                                     ; 219.93 MHz ( period = 4.547 ns )                    ; count[19] ; count[5]  ; CLOCK_50   ; CLOCK_50 ; None                        ; None                      ; 4.316 ns                ;
; N/A                                     ; 219.93 MHz ( period = 4.547 ns )                    ; count[19] ; count[4]  ; CLOCK_50   ; CLOCK_50 ; None                        ; None                      ; 4.316 ns                ;
; N/A                                     ; 219.93 MHz ( period = 4.547 ns )                    ; count[19] ; count[3]  ; CLOCK_50   ; CLOCK_50 ; None                        ; None                      ; 4.316 ns                ;
; N/A                                     ; 219.93 MHz ( period = 4.547 ns )                    ; count[19] ; count[2]  ; CLOCK_50   ; CLOCK_50 ; None                        ; None                      ; 4.316 ns                ;
; N/A                                     ; 219.93 MHz ( period = 4.547 ns )                    ; count[19] ; count[1]  ; CLOCK_50   ; CLOCK_50 ; None                        ; None                      ; 4.316 ns                ;
; N/A                                     ; 219.93 MHz ( period = 4.547 ns )                    ; count[19] ; count[0]  ; CLOCK_50   ; CLOCK_50 ; None                        ; None                      ; 4.316 ns                ;
; N/A                                     ; 223.76 MHz ( period = 4.469 ns )                    ; count[15] ; count[15] ; CLOCK_50   ; CLOCK_50 ; None                        ; None                      ; 4.230 ns                ;
; N/A                                     ; 223.76 MHz ( period = 4.469 ns )                    ; count[15] ; count[10] ; CLOCK_50   ; CLOCK_50 ; None                        ; None                      ; 4.230 ns                ;
; N/A                                     ; 223.76 MHz ( period = 4.469 ns )                    ; count[15] ; count[14] ; CLOCK_50   ; CLOCK_50 ; None                        ; None                      ; 4.230 ns                ;
; N/A                                     ; 223.76 MHz ( period = 4.469 ns )                    ; count[15] ; count[13] ; CLOCK_50   ; CLOCK_50 ; None                        ; None                      ; 4.230 ns                ;
; N/A                                     ; 223.76 MHz ( period = 4.469 ns )                    ; count[15] ; count[11] ; CLOCK_50   ; CLOCK_50 ; None                        ; None                      ; 4.230 ns                ;
; N/A                                     ; 223.76 MHz ( period = 4.469 ns )                    ; count[15] ; count[12] ; CLOCK_50   ; CLOCK_50 ; None                        ; None                      ; 4.230 ns                ;
; N/A                                     ; 223.76 MHz ( period = 4.469 ns )                    ; count[15] ; count[9]  ; CLOCK_50   ; CLOCK_50 ; None                        ; None                      ; 4.230 ns                ;
; N/A                                     ; 223.76 MHz ( period = 4.469 ns )                    ; count[15] ; count[6]  ; CLOCK_50   ; CLOCK_50 ; None                        ; None                      ; 4.230 ns                ;
; N/A                                     ; 223.76 MHz ( period = 4.469 ns )                    ; count[15] ; count[8]  ; CLOCK_50   ; CLOCK_50 ; None                        ; None                      ; 4.230 ns                ;
; N/A                                     ; 223.76 MHz ( period = 4.469 ns )                    ; count[15] ; count[7]  ; CLOCK_50   ; CLOCK_50 ; None                        ; None                      ; 4.230 ns                ;
; N/A                                     ; 223.76 MHz ( period = 4.469 ns )                    ; count[15] ; count[5]  ; CLOCK_50   ; CLOCK_50 ; None                        ; None                      ; 4.230 ns                ;
; N/A                                     ; 223.76 MHz ( period = 4.469 ns )                    ; count[15] ; count[4]  ; CLOCK_50   ; CLOCK_50 ; None                        ; None                      ; 4.230 ns                ;
; N/A                                     ; 223.76 MHz ( period = 4.469 ns )                    ; count[15] ; count[3]  ; CLOCK_50   ; CLOCK_50 ; None                        ; None                      ; 4.230 ns                ;
; N/A                                     ; 223.76 MHz ( period = 4.469 ns )                    ; count[15] ; count[2]  ; CLOCK_50   ; CLOCK_50 ; None                        ; None                      ; 4.230 ns                ;
; N/A                                     ; 223.76 MHz ( period = 4.469 ns )                    ; count[15] ; count[1]  ; CLOCK_50   ; CLOCK_50 ; None                        ; None                      ; 4.230 ns                ;
; N/A                                     ; 223.76 MHz ( period = 4.469 ns )                    ; count[15] ; count[0]  ; CLOCK_50   ; CLOCK_50 ; None                        ; None                      ; 4.230 ns                ;
; N/A                                     ; 224.47 MHz ( period = 4.455 ns )                    ; count[6]  ; count[15] ; CLOCK_50   ; CLOCK_50 ; None                        ; None                      ; 4.216 ns                ;
; N/A                                     ; 224.47 MHz ( period = 4.455 ns )                    ; count[6]  ; count[10] ; CLOCK_50   ; CLOCK_50 ; None                        ; None                      ; 4.216 ns                ;
; N/A                                     ; 224.47 MHz ( period = 4.455 ns )                    ; count[6]  ; count[14] ; CLOCK_50   ; CLOCK_50 ; None                        ; None                      ; 4.216 ns                ;
; N/A                                     ; 224.47 MHz ( period = 4.455 ns )                    ; count[6]  ; count[13] ; CLOCK_50   ; CLOCK_50 ; None                        ; None                      ; 4.216 ns                ;
; N/A                                     ; 224.47 MHz ( period = 4.455 ns )                    ; count[6]  ; count[11] ; CLOCK_50   ; CLOCK_50 ; None                        ; None                      ; 4.216 ns                ;
; N/A                                     ; 224.47 MHz ( period = 4.455 ns )                    ; count[6]  ; count[12] ; CLOCK_50   ; CLOCK_50 ; None                        ; None                      ; 4.216 ns                ;
; N/A                                     ; 224.47 MHz ( period = 4.455 ns )                    ; count[6]  ; count[9]  ; CLOCK_50   ; CLOCK_50 ; None                        ; None                      ; 4.216 ns                ;
; N/A                                     ; 224.47 MHz ( period = 4.455 ns )                    ; count[6]  ; count[6]  ; CLOCK_50   ; CLOCK_50 ; None                        ; None                      ; 4.216 ns                ;
; N/A                                     ; 224.47 MHz ( period = 4.455 ns )                    ; count[6]  ; count[8]  ; CLOCK_50   ; CLOCK_50 ; None                        ; None                      ; 4.216 ns                ;
; N/A                                     ; 224.47 MHz ( period = 4.455 ns )                    ; count[6]  ; count[7]  ; CLOCK_50   ; CLOCK_50 ; None                        ; None                      ; 4.216 ns                ;
; N/A                                     ; 224.47 MHz ( period = 4.455 ns )                    ; count[6]  ; count[5]  ; CLOCK_50   ; CLOCK_50 ; None                        ; None                      ; 4.216 ns                ;
; N/A                                     ; 224.47 MHz ( period = 4.455 ns )                    ; count[6]  ; count[4]  ; CLOCK_50   ; CLOCK_50 ; None                        ; None                      ; 4.216 ns                ;
; N/A                                     ; 224.47 MHz ( period = 4.455 ns )                    ; count[6]  ; count[3]  ; CLOCK_50   ; CLOCK_50 ; None                        ; None                      ; 4.216 ns                ;
; N/A                                     ; 224.47 MHz ( period = 4.455 ns )                    ; count[6]  ; count[2]  ; CLOCK_50   ; CLOCK_50 ; None                        ; None                      ; 4.216 ns                ;
; N/A                                     ; 224.47 MHz ( period = 4.455 ns )                    ; count[6]  ; count[1]  ; CLOCK_50   ; CLOCK_50 ; None                        ; None                      ; 4.216 ns                ;
; N/A                                     ; 224.47 MHz ( period = 4.455 ns )                    ; count[6]  ; count[0]  ; CLOCK_50   ; CLOCK_50 ; None                        ; None                      ; 4.216 ns                ;
; N/A                                     ; 224.97 MHz ( period = 4.445 ns )                    ; count[9]  ; count[15] ; CLOCK_50   ; CLOCK_50 ; None                        ; None                      ; 4.206 ns                ;
; N/A                                     ; 224.97 MHz ( period = 4.445 ns )                    ; count[9]  ; count[10] ; CLOCK_50   ; CLOCK_50 ; None                        ; None                      ; 4.206 ns                ;
; N/A                                     ; 224.97 MHz ( period = 4.445 ns )                    ; count[9]  ; count[14] ; CLOCK_50   ; CLOCK_50 ; None                        ; None                      ; 4.206 ns                ;
; N/A                                     ; 224.97 MHz ( period = 4.445 ns )                    ; count[9]  ; count[13] ; CLOCK_50   ; CLOCK_50 ; None                        ; None                      ; 4.206 ns                ;
; N/A                                     ; 224.97 MHz ( period = 4.445 ns )                    ; count[9]  ; count[11] ; CLOCK_50   ; CLOCK_50 ; None                        ; None                      ; 4.206 ns                ;
; N/A                                     ; 224.97 MHz ( period = 4.445 ns )                    ; count[9]  ; count[12] ; CLOCK_50   ; CLOCK_50 ; None                        ; None                      ; 4.206 ns                ;
; N/A                                     ; 224.97 MHz ( period = 4.445 ns )                    ; count[9]  ; count[9]  ; CLOCK_50   ; CLOCK_50 ; None                        ; None                      ; 4.206 ns                ;
; N/A                                     ; 224.97 MHz ( period = 4.445 ns )                    ; count[9]  ; count[6]  ; CLOCK_50   ; CLOCK_50 ; None                        ; None                      ; 4.206 ns                ;
; N/A                                     ; 224.97 MHz ( period = 4.445 ns )                    ; count[9]  ; count[8]  ; CLOCK_50   ; CLOCK_50 ; None                        ; None                      ; 4.206 ns                ;
; N/A                                     ; 224.97 MHz ( period = 4.445 ns )                    ; count[9]  ; count[7]  ; CLOCK_50   ; CLOCK_50 ; None                        ; None                      ; 4.206 ns                ;
; N/A                                     ; 224.97 MHz ( period = 4.445 ns )                    ; count[9]  ; count[5]  ; CLOCK_50   ; CLOCK_50 ; None                        ; None                      ; 4.206 ns                ;
; N/A                                     ; 224.97 MHz ( period = 4.445 ns )                    ; count[9]  ; count[4]  ; CLOCK_50   ; CLOCK_50 ; None                        ; None                      ; 4.206 ns                ;
; N/A                                     ; 224.97 MHz ( period = 4.445 ns )                    ; count[9]  ; count[3]  ; CLOCK_50   ; CLOCK_50 ; None                        ; None                      ; 4.206 ns                ;
; N/A                                     ; 224.97 MHz ( period = 4.445 ns )                    ; count[9]  ; count[2]  ; CLOCK_50   ; CLOCK_50 ; None                        ; None                      ; 4.206 ns                ;
; N/A                                     ; 224.97 MHz ( period = 4.445 ns )                    ; count[9]  ; count[1]  ; CLOCK_50   ; CLOCK_50 ; None                        ; None                      ; 4.206 ns                ;
; N/A                                     ; 224.97 MHz ( period = 4.445 ns )                    ; count[9]  ; count[0]  ; CLOCK_50   ; CLOCK_50 ; None                        ; None                      ; 4.206 ns                ;
; N/A                                     ; 225.58 MHz ( period = 4.433 ns )                    ; count[16] ; count[15] ; CLOCK_50   ; CLOCK_50 ; None                        ; None                      ; 4.202 ns                ;
; N/A                                     ; 225.58 MHz ( period = 4.433 ns )                    ; count[16] ; count[10] ; CLOCK_50   ; CLOCK_50 ; None                        ; None                      ; 4.202 ns                ;
; N/A                                     ; 225.58 MHz ( period = 4.433 ns )                    ; count[16] ; count[14] ; CLOCK_50   ; CLOCK_50 ; None                        ; None                      ; 4.202 ns                ;
; N/A                                     ; 225.58 MHz ( period = 4.433 ns )                    ; count[16] ; count[13] ; CLOCK_50   ; CLOCK_50 ; None                        ; None                      ; 4.202 ns                ;
; N/A                                     ; 225.58 MHz ( period = 4.433 ns )                    ; count[16] ; count[11] ; CLOCK_50   ; CLOCK_50 ; None                        ; None                      ; 4.202 ns                ;
; N/A                                     ; 225.58 MHz ( period = 4.433 ns )                    ; count[16] ; count[12] ; CLOCK_50   ; CLOCK_50 ; None                        ; None                      ; 4.202 ns                ;
; N/A                                     ; 225.58 MHz ( period = 4.433 ns )                    ; count[16] ; count[9]  ; CLOCK_50   ; CLOCK_50 ; None                        ; None                      ; 4.202 ns                ;
; N/A                                     ; 225.58 MHz ( period = 4.433 ns )                    ; count[16] ; count[6]  ; CLOCK_50   ; CLOCK_50 ; None                        ; None                      ; 4.202 ns                ;
; N/A                                     ; 225.58 MHz ( period = 4.433 ns )                    ; count[16] ; count[8]  ; CLOCK_50   ; CLOCK_50 ; None                        ; None                      ; 4.202 ns                ;
; N/A                                     ; 225.58 MHz ( period = 4.433 ns )                    ; count[16] ; count[7]  ; CLOCK_50   ; CLOCK_50 ; None                        ; None                      ; 4.202 ns                ;
; N/A                                     ; 225.58 MHz ( period = 4.433 ns )                    ; count[16] ; count[5]  ; CLOCK_50   ; CLOCK_50 ; None                        ; None                      ; 4.202 ns                ;
; N/A                                     ; 225.58 MHz ( period = 4.433 ns )                    ; count[16] ; count[4]  ; CLOCK_50   ; CLOCK_50 ; None                        ; None                      ; 4.202 ns                ;
; N/A                                     ; 225.58 MHz ( period = 4.433 ns )                    ; count[16] ; count[3]  ; CLOCK_50   ; CLOCK_50 ; None                        ; None                      ; 4.202 ns                ;
; N/A                                     ; 225.58 MHz ( period = 4.433 ns )                    ; count[16] ; count[2]  ; CLOCK_50   ; CLOCK_50 ; None                        ; None                      ; 4.202 ns                ;
; N/A                                     ; 225.58 MHz ( period = 4.433 ns )                    ; count[16] ; count[1]  ; CLOCK_50   ; CLOCK_50 ; None                        ; None                      ; 4.202 ns                ;
; N/A                                     ; 225.58 MHz ( period = 4.433 ns )                    ; count[16] ; count[0]  ; CLOCK_50   ; CLOCK_50 ; None                        ; None                      ; 4.202 ns                ;
; N/A                                     ; 226.19 MHz ( period = 4.421 ns )                    ; count[11] ; count[15] ; CLOCK_50   ; CLOCK_50 ; None                        ; None                      ; 4.182 ns                ;
; N/A                                     ; 226.19 MHz ( period = 4.421 ns )                    ; count[11] ; count[10] ; CLOCK_50   ; CLOCK_50 ; None                        ; None                      ; 4.182 ns                ;
; N/A                                     ; 226.19 MHz ( period = 4.421 ns )                    ; count[11] ; count[14] ; CLOCK_50   ; CLOCK_50 ; None                        ; None                      ; 4.182 ns                ;
; N/A                                     ; 226.19 MHz ( period = 4.421 ns )                    ; count[11] ; count[13] ; CLOCK_50   ; CLOCK_50 ; None                        ; None                      ; 4.182 ns                ;
; N/A                                     ; 226.19 MHz ( period = 4.421 ns )                    ; count[11] ; count[11] ; CLOCK_50   ; CLOCK_50 ; None                        ; None                      ; 4.182 ns                ;
; N/A                                     ; 226.19 MHz ( period = 4.421 ns )                    ; count[11] ; count[12] ; CLOCK_50   ; CLOCK_50 ; None                        ; None                      ; 4.182 ns                ;
; N/A                                     ; 226.19 MHz ( period = 4.421 ns )                    ; count[11] ; count[9]  ; CLOCK_50   ; CLOCK_50 ; None                        ; None                      ; 4.182 ns                ;
; N/A                                     ; 226.19 MHz ( period = 4.421 ns )                    ; count[11] ; count[6]  ; CLOCK_50   ; CLOCK_50 ; None                        ; None                      ; 4.182 ns                ;
; N/A                                     ; 226.19 MHz ( period = 4.421 ns )                    ; count[11] ; count[8]  ; CLOCK_50   ; CLOCK_50 ; None                        ; None                      ; 4.182 ns                ;
; N/A                                     ; 226.19 MHz ( period = 4.421 ns )                    ; count[11] ; count[7]  ; CLOCK_50   ; CLOCK_50 ; None                        ; None                      ; 4.182 ns                ;
; N/A                                     ; 226.19 MHz ( period = 4.421 ns )                    ; count[11] ; count[5]  ; CLOCK_50   ; CLOCK_50 ; None                        ; None                      ; 4.182 ns                ;
; N/A                                     ; 226.19 MHz ( period = 4.421 ns )                    ; count[11] ; count[4]  ; CLOCK_50   ; CLOCK_50 ; None                        ; None                      ; 4.182 ns                ;
; N/A                                     ; 226.19 MHz ( period = 4.421 ns )                    ; count[11] ; count[3]  ; CLOCK_50   ; CLOCK_50 ; None                        ; None                      ; 4.182 ns                ;
; N/A                                     ; 226.19 MHz ( period = 4.421 ns )                    ; count[11] ; count[2]  ; CLOCK_50   ; CLOCK_50 ; None                        ; None                      ; 4.182 ns                ;
; N/A                                     ; 226.19 MHz ( period = 4.421 ns )                    ; count[11] ; count[1]  ; CLOCK_50   ; CLOCK_50 ; None                        ; None                      ; 4.182 ns                ;
; N/A                                     ; 226.19 MHz ( period = 4.421 ns )                    ; count[11] ; count[0]  ; CLOCK_50   ; CLOCK_50 ; None                        ; None                      ; 4.182 ns                ;
; N/A                                     ; 227.27 MHz ( period = 4.400 ns )                    ; count[25] ; count[15] ; CLOCK_50   ; CLOCK_50 ; None                        ; None                      ; 4.169 ns                ;
; N/A                                     ; 227.27 MHz ( period = 4.400 ns )                    ; count[25] ; count[10] ; CLOCK_50   ; CLOCK_50 ; None                        ; None                      ; 4.169 ns                ;
; N/A                                     ; 227.27 MHz ( period = 4.400 ns )                    ; count[25] ; count[14] ; CLOCK_50   ; CLOCK_50 ; None                        ; None                      ; 4.169 ns                ;
; N/A                                     ; 227.27 MHz ( period = 4.400 ns )                    ; count[25] ; count[13] ; CLOCK_50   ; CLOCK_50 ; None                        ; None                      ; 4.169 ns                ;
; N/A                                     ; 227.27 MHz ( period = 4.400 ns )                    ; count[25] ; count[11] ; CLOCK_50   ; CLOCK_50 ; None                        ; None                      ; 4.169 ns                ;
; N/A                                     ; 227.27 MHz ( period = 4.400 ns )                    ; count[25] ; count[12] ; CLOCK_50   ; CLOCK_50 ; None                        ; None                      ; 4.169 ns                ;
; N/A                                     ; 227.27 MHz ( period = 4.400 ns )                    ; count[25] ; count[9]  ; CLOCK_50   ; CLOCK_50 ; None                        ; None                      ; 4.169 ns                ;
; N/A                                     ; 227.27 MHz ( period = 4.400 ns )                    ; count[25] ; count[6]  ; CLOCK_50   ; CLOCK_50 ; None                        ; None                      ; 4.169 ns                ;
; N/A                                     ; 227.27 MHz ( period = 4.400 ns )                    ; count[25] ; count[8]  ; CLOCK_50   ; CLOCK_50 ; None                        ; None                      ; 4.169 ns                ;
; N/A                                     ; 227.27 MHz ( period = 4.400 ns )                    ; count[25] ; count[7]  ; CLOCK_50   ; CLOCK_50 ; None                        ; None                      ; 4.169 ns                ;
; N/A                                     ; 227.27 MHz ( period = 4.400 ns )                    ; count[25] ; count[5]  ; CLOCK_50   ; CLOCK_50 ; None                        ; None                      ; 4.169 ns                ;
; N/A                                     ; 227.27 MHz ( period = 4.400 ns )                    ; count[25] ; count[4]  ; CLOCK_50   ; CLOCK_50 ; None                        ; None                      ; 4.169 ns                ;
; N/A                                     ; 227.27 MHz ( period = 4.400 ns )                    ; count[25] ; count[3]  ; CLOCK_50   ; CLOCK_50 ; None                        ; None                      ; 4.169 ns                ;
; N/A                                     ; 227.27 MHz ( period = 4.400 ns )                    ; count[25] ; count[2]  ; CLOCK_50   ; CLOCK_50 ; None                        ; None                      ; 4.169 ns                ;
; N/A                                     ; 227.27 MHz ( period = 4.400 ns )                    ; count[25] ; count[1]  ; CLOCK_50   ; CLOCK_50 ; None                        ; None                      ; 4.169 ns                ;
; N/A                                     ; 227.27 MHz ( period = 4.400 ns )                    ; count[25] ; count[0]  ; CLOCK_50   ; CLOCK_50 ; None                        ; None                      ; 4.169 ns                ;
; N/A                                     ; 228.73 MHz ( period = 4.372 ns )                    ; count[17] ; count[27] ; CLOCK_50   ; CLOCK_50 ; None                        ; None                      ; 4.133 ns                ;
; N/A                                     ; 228.73 MHz ( period = 4.372 ns )                    ; count[17] ; count[17] ; CLOCK_50   ; CLOCK_50 ; None                        ; None                      ; 4.133 ns                ;
; N/A                                     ; 228.73 MHz ( period = 4.372 ns )                    ; count[17] ; count[21] ; CLOCK_50   ; CLOCK_50 ; None                        ; None                      ; 4.133 ns                ;
; N/A                                     ; 228.73 MHz ( period = 4.372 ns )                    ; count[17] ; count[22] ; CLOCK_50   ; CLOCK_50 ; None                        ; None                      ; 4.133 ns                ;
; N/A                                     ; 228.73 MHz ( period = 4.372 ns )                    ; count[17] ; count[20] ; CLOCK_50   ; CLOCK_50 ; None                        ; None                      ; 4.133 ns                ;
; N/A                                     ; 228.73 MHz ( period = 4.372 ns )                    ; count[17] ; count[23] ; CLOCK_50   ; CLOCK_50 ; None                        ; None                      ; 4.133 ns                ;
; N/A                                     ; 228.73 MHz ( period = 4.372 ns )                    ; count[17] ; count[18] ; CLOCK_50   ; CLOCK_50 ; None                        ; None                      ; 4.133 ns                ;
; N/A                                     ; 228.73 MHz ( period = 4.372 ns )                    ; count[17] ; count[16] ; CLOCK_50   ; CLOCK_50 ; None                        ; None                      ; 4.133 ns                ;
; Timing analysis restricted to 200 rows. ; To change the limit use Settings (Assignments menu) ;           ;           ;            ;          ;                             ;                           ;                         ;
+-----------------------------------------+-----------------------------------------------------+-----------+-----------+------------+----------+-----------------------------+---------------------------+-------------------------+


+---------------------------------------------------------------------+
; tco                                                                 ;
+-------+--------------+------------+------------+-------+------------+
; Slack ; Required tco ; Actual tco ; From       ; To    ; From Clock ;
+-------+--------------+------------+------------+-------+------------+
; N/A   ; None         ; 8.791 ns   ; Clock~reg0 ; Clock ; CLOCK_50   ;
+-------+--------------+------------+------------+-------+------------+


+--------------------------+
; Timing Analyzer Messages ;
+--------------------------+
Info: *******************************************************************
Info: Running Quartus II Classic Timing Analyzer
    Info: Version 9.1 Build 222 10/21/2009 SJ Web Edition
    Info: Processing started: Tue Nov 17 17:27:22 2015
Info: Command: quartus_tan --read_settings_files=off --write_settings_files=off ClkDiv -c ClkDiv --timing_analysis_only
Warning: Found pins functioning as undefined clocks and/or memory enables
    Info: Assuming node "CLOCK_50" is an undefined clock
Info: Clock "CLOCK_50" has Internal fmax of 204.58 MHz between source register "count[13]" and destination register "count[15]" (period= 4.888 ns)
    Info: + Longest register to register delay is 4.649 ns
        Info: 1: + IC(0.000 ns) + CELL(0.000 ns) = 0.000 ns; Loc. = LCFF_X10_Y21_N27; Fanout = 3; REG Node = 'count[13]'
        Info: 2: + IC(1.192 ns) + CELL(0.521 ns) = 1.713 ns; Loc. = LCCOMB_X11_Y20_N4; Fanout = 1; COMB Node = 'LessThan0~5'
        Info: 3: + IC(0.296 ns) + CELL(0.278 ns) = 2.287 ns; Loc. = LCCOMB_X11_Y20_N0; Fanout = 1; COMB Node = 'LessThan0~7'
        Info: 4: + IC(0.297 ns) + CELL(0.178 ns) = 2.762 ns; Loc. = LCCOMB_X11_Y20_N28; Fanout = 2; COMB Node = 'LessThan0~9'
        Info: 5: + IC(0.303 ns) + CELL(0.177 ns) = 3.242 ns; Loc. = LCCOMB_X11_Y20_N6; Fanout = 32; COMB Node = 'LessThan0~10'
        Info: 6: + IC(0.827 ns) + CELL(0.580 ns) = 4.649 ns; Loc. = LCFF_X10_Y21_N31; Fanout = 3; REG Node = 'count[15]'
        Info: Total cell delay = 1.734 ns ( 37.30 % )
        Info: Total interconnect delay = 2.915 ns ( 62.70 % )
    Info: - Smallest clock skew is 0.000 ns
        Info: + Shortest clock path from clock "CLOCK_50" to destination register is 2.852 ns
            Info: 1: + IC(0.000 ns) + CELL(1.026 ns) = 1.026 ns; Loc. = PIN_M1; Fanout = 1; CLK Node = 'CLOCK_50'
            Info: 2: + IC(0.238 ns) + CELL(0.000 ns) = 1.264 ns; Loc. = CLKCTRL_G3; Fanout = 33; COMB Node = 'CLOCK_50~clkctrl'
            Info: 3: + IC(0.986 ns) + CELL(0.602 ns) = 2.852 ns; Loc. = LCFF_X10_Y21_N31; Fanout = 3; REG Node = 'count[15]'
            Info: Total cell delay = 1.628 ns ( 57.08 % )
            Info: Total interconnect delay = 1.224 ns ( 42.92 % )
        Info: - Longest clock path from clock "CLOCK_50" to source register is 2.852 ns
            Info: 1: + IC(0.000 ns) + CELL(1.026 ns) = 1.026 ns; Loc. = PIN_M1; Fanout = 1; CLK Node = 'CLOCK_50'
            Info: 2: + IC(0.238 ns) + CELL(0.000 ns) = 1.264 ns; Loc. = CLKCTRL_G3; Fanout = 33; COMB Node = 'CLOCK_50~clkctrl'
            Info: 3: + IC(0.986 ns) + CELL(0.602 ns) = 2.852 ns; Loc. = LCFF_X10_Y21_N27; Fanout = 3; REG Node = 'count[13]'
            Info: Total cell delay = 1.628 ns ( 57.08 % )
            Info: Total interconnect delay = 1.224 ns ( 42.92 % )
    Info: + Micro clock to output delay of source is 0.277 ns
    Info: + Micro setup delay of destination is -0.038 ns
Info: tco from clock "CLOCK_50" to destination pin "Clock" through register "Clock~reg0" is 8.791 ns
    Info: + Longest clock path from clock "CLOCK_50" to source register is 2.844 ns
        Info: 1: + IC(0.000 ns) + CELL(1.026 ns) = 1.026 ns; Loc. = PIN_M1; Fanout = 1; CLK Node = 'CLOCK_50'
        Info: 2: + IC(0.238 ns) + CELL(0.000 ns) = 1.264 ns; Loc. = CLKCTRL_G3; Fanout = 33; COMB Node = 'CLOCK_50~clkctrl'
        Info: 3: + IC(0.978 ns) + CELL(0.602 ns) = 2.844 ns; Loc. = LCFF_X11_Y20_N25; Fanout = 2; REG Node = 'Clock~reg0'
        Info: Total cell delay = 1.628 ns ( 57.24 % )
        Info: Total interconnect delay = 1.216 ns ( 42.76 % )
    Info: + Micro clock to output delay of source is 0.277 ns
    Info: + Longest register to pin delay is 5.670 ns
        Info: 1: + IC(0.000 ns) + CELL(0.000 ns) = 0.000 ns; Loc. = LCFF_X11_Y20_N25; Fanout = 2; REG Node = 'Clock~reg0'
        Info: 2: + IC(2.820 ns) + CELL(2.850 ns) = 5.670 ns; Loc. = PIN_E22; Fanout = 0; PIN Node = 'Clock'
        Info: Total cell delay = 2.850 ns ( 50.26 % )
        Info: Total interconnect delay = 2.820 ns ( 49.74 % )
Info: Quartus II Classic Timing Analyzer was successful. 0 errors, 2 warnings
    Info: Peak virtual memory: 160 megabytes
    Info: Processing ended: Tue Nov 17 17:27:23 2015
    Info: Elapsed time: 00:00:01
    Info: Total CPU time (on all processors): 00:00:00


