Analysis & Synthesis report for Processor
Tue Dec 22 16:48:33 2015
Quartus II Version 9.1 Build 222 10/21/2009 SJ Web Edition


---------------------
; Table of Contents ;
---------------------
  1. Legal Notice
  2. Analysis & Synthesis Summary
  3. Analysis & Synthesis Settings
  4. Parallel Compilation
  5. Analysis & Synthesis Source Files Read
  6. Analysis & Synthesis Resource Usage Summary
  7. Analysis & Synthesis Resource Utilization by Entity
  8. State Machine - |Processor|ControlUnit:CU|state
  9. Registers Removed During Synthesis
 10. General Register Statistics
 11. Multiplexer Restructuring Statistics (Restructuring Performed)
 12. Parameter Settings for User Entity Instance: ControlUnit:CU
 13. Parameter Settings for User Entity Instance: Datapath:DP|InsCycOp:ICO|Register:IR_reg
 14. Parameter Settings for User Entity Instance: Datapath:DP|InsCycOp:ICO|Multiplexer:mux1
 15. Parameter Settings for User Entity Instance: Datapath:DP|InsCycOp:ICO|Increment:Incr
 16. Parameter Settings for User Entity Instance: Datapath:DP|InsCycOp:ICO|Register:PC_reg
 17. Parameter Settings for User Entity Instance: Datapath:DP|InsCycOp:ICO|Multiplexer:mux2
 18. Parameter Settings for User Entity Instance: Datapath:DP|InsSetOp:ISO|Multiplexer:mux3_2
 19. Parameter Settings for User Entity Instance: Datapath:DP|InsSetOp:ISO|Multiplexer:mux3_1
 20. Parameter Settings for User Entity Instance: Datapath:DP|InsSetOp:ISO|Multiplexer:mux3
 21. Parameter Settings for User Entity Instance: Datapath:DP|InsSetOp:ISO|Register:A_reg
 22. Parameter Settings for User Entity Instance: Datapath:DP|InsSetOp:ISO|AddSub:AS
 23. Port Connectivity Checks: "Datapath:DP|InsSetOp:ISO|Multiplexer:mux3_2"
 24. Analysis & Synthesis Messages
 25. Analysis & Synthesis Suppressed Messages



----------------
; Legal Notice ;
----------------
Copyright (C) 1991-2009 Altera Corporation
Your use of Altera Corporation's design tools, logic functions 
and other software and tools, and its AMPP partner logic 
functions, and any output files from any of the foregoing 
(including device programming or simulation files), and any 
associated documentation or information are expressly subject 
to the terms and conditions of the Altera Program License 
Subscription Agreement, Altera MegaCore Function License 
Agreement, or other applicable license agreement, including, 
without limitation, that your use is for the sole purpose of 
programming logic devices manufactured by Altera and sold by 
Altera or its authorized distributors.  Please refer to the 
applicable agreement for further details.



+------------------------------------------------------------------------------+
; Analysis & Synthesis Summary                                                 ;
+------------------------------------+-----------------------------------------+
; Analysis & Synthesis Status        ; Successful - Tue Dec 22 16:48:33 2015   ;
; Quartus II Version                 ; 9.1 Build 222 10/21/2009 SJ Web Edition ;
; Revision Name                      ; Processor                               ;
; Top-level Entity Name              ; Processor                               ;
; Family                             ; Cyclone II                              ;
; Total logic elements               ; 579                                     ;
;     Total combinational functions  ; 330                                     ;
;     Dedicated logic registers      ; 329                                     ;
; Total registers                    ; 329                                     ;
; Total pins                         ; 33                                      ;
; Total virtual pins                 ; 0                                       ;
; Total memory bits                  ; 0                                       ;
; Embedded Multiplier 9-bit elements ; 0                                       ;
; Total PLLs                         ; 0                                       ;
+------------------------------------+-----------------------------------------+


+----------------------------------------------------------------------------------------------------------------------+
; Analysis & Synthesis Settings                                                                                        ;
+----------------------------------------------------------------------------+--------------------+--------------------+
; Option                                                                     ; Setting            ; Default Value      ;
+----------------------------------------------------------------------------+--------------------+--------------------+
; Device                                                                     ; EP2C20F484C7       ;                    ;
; Top-level entity name                                                      ; Processor          ; Processor          ;
; Family name                                                                ; Cyclone II         ; Stratix II         ;
; Use smart compilation                                                      ; Off                ; Off                ;
; Enable parallel Assembler and TimeQuest Timing Analyzer during compilation ; On                 ; On                 ;
; Enable compact report table                                                ; Off                ; Off                ;
; Restructure Multiplexers                                                   ; Auto               ; Auto               ;
; Create Debugging Nodes for IP Cores                                        ; Off                ; Off                ;
; Preserve fewer node names                                                  ; On                 ; On                 ;
; Disable OpenCore Plus hardware evaluation                                  ; Off                ; Off                ;
; Verilog Version                                                            ; Verilog_2001       ; Verilog_2001       ;
; VHDL Version                                                               ; VHDL_1993          ; VHDL_1993          ;
; State Machine Processing                                                   ; Auto               ; Auto               ;
; Safe State Machine                                                         ; Off                ; Off                ;
; Extract Verilog State Machines                                             ; On                 ; On                 ;
; Extract VHDL State Machines                                                ; On                 ; On                 ;
; Ignore Verilog initial constructs                                          ; Off                ; Off                ;
; Iteration limit for constant Verilog loops                                 ; 5000               ; 5000               ;
; Iteration limit for non-constant Verilog loops                             ; 250                ; 250                ;
; Add Pass-Through Logic to Inferred RAMs                                    ; On                 ; On                 ;
; Parallel Synthesis                                                         ; On                 ; On                 ;
; DSP Block Balancing                                                        ; Auto               ; Auto               ;
; NOT Gate Push-Back                                                         ; On                 ; On                 ;
; Power-Up Don't Care                                                        ; On                 ; On                 ;
; Remove Redundant Logic Cells                                               ; Off                ; Off                ;
; Remove Duplicate Registers                                                 ; On                 ; On                 ;
; Ignore CARRY Buffers                                                       ; Off                ; Off                ;
; Ignore CASCADE Buffers                                                     ; Off                ; Off                ;
; Ignore GLOBAL Buffers                                                      ; Off                ; Off                ;
; Ignore ROW GLOBAL Buffers                                                  ; Off                ; Off                ;
; Ignore LCELL Buffers                                                       ; Off                ; Off                ;
; Ignore SOFT Buffers                                                        ; On                 ; On                 ;
; Limit AHDL Integers to 32 Bits                                             ; Off                ; Off                ;
; Optimization Technique                                                     ; Balanced           ; Balanced           ;
; Carry Chain Length                                                         ; 70                 ; 70                 ;
; Auto Carry Chains                                                          ; On                 ; On                 ;
; Auto Open-Drain Pins                                                       ; On                 ; On                 ;
; Perform WYSIWYG Primitive Resynthesis                                      ; Off                ; Off                ;
; Auto ROM Replacement                                                       ; On                 ; On                 ;
; Auto RAM Replacement                                                       ; On                 ; On                 ;
; Auto Shift Register Replacement                                            ; Auto               ; Auto               ;
; Auto Clock Enable Replacement                                              ; On                 ; On                 ;
; Strict RAM Replacement                                                     ; Off                ; Off                ;
; Allow Synchronous Control Signals                                          ; On                 ; On                 ;
; Force Use of Synchronous Clear Signals                                     ; Off                ; Off                ;
; Auto RAM to Logic Cell Conversion                                          ; Off                ; Off                ;
; Auto Resource Sharing                                                      ; Off                ; Off                ;
; Allow Any RAM Size For Recognition                                         ; Off                ; Off                ;
; Allow Any ROM Size For Recognition                                         ; Off                ; Off                ;
; Allow Any Shift Register Size For Recognition                              ; Off                ; Off                ;
; Use LogicLock Constraints during Resource Balancing                        ; On                 ; On                 ;
; Ignore translate_off and synthesis_off directives                          ; Off                ; Off                ;
; Timing-Driven Synthesis                                                    ; Off                ; Off                ;
; Show Parameter Settings Tables in Synthesis Report                         ; On                 ; On                 ;
; Ignore Maximum Fan-Out Assignments                                         ; Off                ; Off                ;
; Synchronization Register Chain Length                                      ; 2                  ; 2                  ;
; PowerPlay Power Optimization                                               ; Normal compilation ; Normal compilation ;
; HDL message level                                                          ; Level2             ; Level2             ;
; Suppress Register Optimization Related Messages                            ; Off                ; Off                ;
; Number of Removed Registers Reported in Synthesis Report                   ; 100                ; 100                ;
; Number of Inverted Registers Reported in Synthesis Report                  ; 100                ; 100                ;
; Clock MUX Protection                                                       ; On                 ; On                 ;
; Auto Gated Clock Conversion                                                ; Off                ; Off                ;
; Block Design Naming                                                        ; Auto               ; Auto               ;
; SDC constraint protection                                                  ; Off                ; Off                ;
; Synthesis Effort                                                           ; Auto               ; Auto               ;
; Shift Register Replacement - Allow Asynchronous Clear Signal               ; On                 ; On                 ;
; Analysis & Synthesis Message Level                                         ; Medium             ; Medium             ;
; Disable Register Merging Across Hierarchies                                ; Auto               ; Auto               ;
; Resource Aware Inference For Block RAM                                     ; On                 ; On                 ;
+----------------------------------------------------------------------------+--------------------+--------------------+


Parallel compilation was disabled, but you have multiple processors available. Enable parallel compilation to reduce compilation time.
+-------------------------------------+
; Parallel Compilation                ;
+----------------------------+--------+
; Processors                 ; Number ;
+----------------------------+--------+
; Number detected on machine ; 4      ;
; Maximum allowed            ; 1      ;
+----------------------------+--------+


+---------------------------------------------------------------------------------------------------------------------------------------------------+
; Analysis & Synthesis Source Files Read                                                                                                            ;
+----------------------------------+-----------------+------------------------+---------------------------------------------------------------------+
; File Name with User-Entered Path ; Used in Netlist ; File Type              ; File Name with Absolute Path                                        ;
+----------------------------------+-----------------+------------------------+---------------------------------------------------------------------+
; ClkDiv.v                         ; yes             ; User Verilog HDL File  ; C:/Users/Student/Desktop/ASIC/Lab2/Processor/Hardware/ClkDiv.v      ;
; Register.v                       ; yes             ; User Verilog HDL File  ; C:/Users/Student/Desktop/ASIC/Lab2/Processor/Hardware/Register.v    ;
; Processor.v                      ; yes             ; User Verilog HDL File  ; C:/Users/Student/Desktop/ASIC/Lab2/Processor/Hardware/Processor.v   ;
; Multiplexer.v                    ; yes             ; User Verilog HDL File  ; C:/Users/Student/Desktop/ASIC/Lab2/Processor/Hardware/Multiplexer.v ;
; InsSetOp.v                       ; yes             ; User Verilog HDL File  ; C:/Users/Student/Desktop/ASIC/Lab2/Processor/Hardware/InsSetOp.v    ;
; InsCycOp.v                       ; yes             ; User Verilog HDL File  ; C:/Users/Student/Desktop/ASIC/Lab2/Processor/Hardware/InsCycOp.v    ;
; InitRam.v                        ; yes             ; User Verilog HDL File  ; C:/Users/Student/Desktop/ASIC/Lab2/Processor/Hardware/InitRam.v     ;
; Increment.v                      ; yes             ; User Verilog HDL File  ; C:/Users/Student/Desktop/ASIC/Lab2/Processor/Hardware/Increment.v   ;
; Datapath.v                       ; yes             ; User Verilog HDL File  ; C:/Users/Student/Desktop/ASIC/Lab2/Processor/Hardware/Datapath.v    ;
; ControlUnit.v                    ; yes             ; User Verilog HDL File  ; C:/Users/Student/Desktop/ASIC/Lab2/Processor/Hardware/ControlUnit.v ;
; AddSub.v                         ; yes             ; User Verilog HDL File  ; C:/Users/Student/Desktop/ASIC/Lab2/Processor/Hardware/AddSub.v      ;
+----------------------------------+-----------------+------------------------+---------------------------------------------------------------------+


+----------------------------------------------------------------+
; Analysis & Synthesis Resource Usage Summary                    ;
+---------------------------------------------+------------------+
; Resource                                    ; Usage            ;
+---------------------------------------------+------------------+
; Estimated Total logic elements              ; 579              ;
;                                             ;                  ;
; Total combinational functions               ; 330              ;
; Logic element usage by number of LUT inputs ;                  ;
;     -- 4 input functions                    ; 235              ;
;     -- 3 input functions                    ; 26               ;
;     -- <=2 input functions                  ; 69               ;
;                                             ;                  ;
; Logic elements by mode                      ;                  ;
;     -- normal mode                          ; 287              ;
;     -- arithmetic mode                      ; 43               ;
;                                             ;                  ;
; Total registers                             ; 329              ;
;     -- Dedicated logic registers            ; 329              ;
;     -- I/O registers                        ; 0                ;
;                                             ;                  ;
; I/O pins                                    ; 33               ;
; Maximum fan-out node                        ; ClkDiv:clk|Clock ;
; Maximum fan-out                             ; 297              ;
; Total fan-out                               ; 2204             ;
; Average fan-out                             ; 3.18             ;
+---------------------------------------------+------------------+


+---------------------------------------------------------------------------------------------------------------------------------------------------------------------------------------------------------------+
; Analysis & Synthesis Resource Utilization by Entity                                                                                                                                                           ;
+-----------------------------+-------------------+--------------+-------------+--------------+---------+-----------+------+--------------+------------------------------------------------------+--------------+
; Compilation Hierarchy Node  ; LC Combinationals ; LC Registers ; Memory Bits ; DSP Elements ; DSP 9x9 ; DSP 18x18 ; Pins ; Virtual Pins ; Full Hierarchy Name                                  ; Library Name ;
+-----------------------------+-------------------+--------------+-------------+--------------+---------+-----------+------+--------------+------------------------------------------------------+--------------+
; |Processor                  ; 330 (2)           ; 329 (0)      ; 0           ; 0            ; 0       ; 0         ; 33   ; 0            ; |Processor                                           ; work         ;
;    |ClkDiv:clk|             ; 43 (43)           ; 33 (33)      ; 0           ; 0            ; 0       ; 0         ; 0    ; 0            ; |Processor|ClkDiv:clk                                ;              ;
;    |ControlUnit:CU|         ; 17 (17)           ; 11 (11)      ; 0           ; 0            ; 0       ; 0         ; 0    ; 0            ; |Processor|ControlUnit:CU                            ;              ;
;    |Datapath:DP|            ; 268 (0)           ; 285 (0)      ; 0           ; 0            ; 0       ; 0         ; 0    ; 0            ; |Processor|Datapath:DP                               ;              ;
;       |InitRam:modifiedRam| ; 233 (233)         ; 264 (264)    ; 0           ; 0            ; 0       ; 0         ; 0    ; 0            ; |Processor|Datapath:DP|InitRam:modifiedRam           ;              ;
;       |InsCycOp:ICO|        ; 10 (0)            ; 13 (0)       ; 0           ; 0            ; 0       ; 0         ; 0    ; 0            ; |Processor|Datapath:DP|InsCycOp:ICO                  ;              ;
;          |Multiplexer:mux2| ; 5 (5)             ; 0 (0)        ; 0           ; 0            ; 0       ; 0         ; 0    ; 0            ; |Processor|Datapath:DP|InsCycOp:ICO|Multiplexer:mux2 ;              ;
;          |Register:IR_reg|  ; 0 (0)             ; 8 (8)        ; 0           ; 0            ; 0       ; 0         ; 0    ; 0            ; |Processor|Datapath:DP|InsCycOp:ICO|Register:IR_reg  ;              ;
;          |Register:PC_reg|  ; 5 (5)             ; 5 (5)        ; 0           ; 0            ; 0       ; 0         ; 0    ; 0            ; |Processor|Datapath:DP|InsCycOp:ICO|Register:PC_reg  ;              ;
;       |InsSetOp:ISO|        ; 25 (0)            ; 8 (0)        ; 0           ; 0            ; 0       ; 0         ; 0    ; 0            ; |Processor|Datapath:DP|InsSetOp:ISO                  ;              ;
;          |AddSub:AS|        ; 17 (17)           ; 0 (0)        ; 0           ; 0            ; 0       ; 0         ; 0    ; 0            ; |Processor|Datapath:DP|InsSetOp:ISO|AddSub:AS        ;              ;
;          |Register:A_reg|   ; 8 (8)             ; 8 (8)        ; 0           ; 0            ; 0       ; 0         ; 0    ; 0            ; |Processor|Datapath:DP|InsSetOp:ISO|Register:A_reg   ;              ;
+-----------------------------+-------------------+--------------+-------------+--------------+---------+-----------+------+--------------+------------------------------------------------------+--------------+
Note: For table entries with two numbers listed, the numbers in parentheses indicate the number of resources of the given type used by the specific entity alone. The numbers listed outside of parentheses indicate the total resources of the given type used by the specific entity and all of its sub-entities in the hierarchy.


Encoding Type:  One-Hot
+---------------------------------------------------------------------------------------------------------------------------------------------------------------+
; State Machine - |Processor|ControlUnit:CU|state                                                                                                               ;
+--------------+------------+------------+----------+-------------+-----------+-----------+-------------+------------+--------------+-------------+-------------+
; Name         ; state.halt ; state.jpos ; state.jz ; state.Input ; state.sub ; state.add ; state.store ; state.load ; state.decode ; state.fetch ; state.start ;
+--------------+------------+------------+----------+-------------+-----------+-----------+-------------+------------+--------------+-------------+-------------+
; state.start  ; 0          ; 0          ; 0        ; 0           ; 0         ; 0         ; 0           ; 0          ; 0            ; 0           ; 0           ;
; state.fetch  ; 0          ; 0          ; 0        ; 0           ; 0         ; 0         ; 0           ; 0          ; 0            ; 1           ; 1           ;
; state.decode ; 0          ; 0          ; 0        ; 0           ; 0         ; 0         ; 0           ; 0          ; 1            ; 0           ; 1           ;
; state.load   ; 0          ; 0          ; 0        ; 0           ; 0         ; 0         ; 0           ; 1          ; 0            ; 0           ; 1           ;
; state.store  ; 0          ; 0          ; 0        ; 0           ; 0         ; 0         ; 1           ; 0          ; 0            ; 0           ; 1           ;
; state.add    ; 0          ; 0          ; 0        ; 0           ; 0         ; 1         ; 0           ; 0          ; 0            ; 0           ; 1           ;
; state.sub    ; 0          ; 0          ; 0        ; 0           ; 1         ; 0         ; 0           ; 0          ; 0            ; 0           ; 1           ;
; state.Input  ; 0          ; 0          ; 0        ; 1           ; 0         ; 0         ; 0           ; 0          ; 0            ; 0           ; 1           ;
; state.jz     ; 0          ; 0          ; 1        ; 0           ; 0         ; 0         ; 0           ; 0          ; 0            ; 0           ; 1           ;
; state.jpos   ; 0          ; 1          ; 0        ; 0           ; 0         ; 0         ; 0           ; 0          ; 0            ; 0           ; 1           ;
; state.halt   ; 1          ; 0          ; 0        ; 0           ; 0         ; 0         ; 0           ; 0          ; 0            ; 0           ; 1           ;
+--------------+------------+------------+----------+-------------+-----------+-----------+-------------+------------+--------------+-------------+-------------+


+------------------------------------------------------------+
; Registers Removed During Synthesis                         ;
+---------------------------------------+--------------------+
; Register name                         ; Reason for Removal ;
+---------------------------------------+--------------------+
; ControlUnit:CU|state~4                ; Lost fanout        ;
; ControlUnit:CU|state~5                ; Lost fanout        ;
; ControlUnit:CU|state~6                ; Lost fanout        ;
; ControlUnit:CU|state~7                ; Lost fanout        ;
; Total Number of Removed Registers = 4 ;                    ;
+---------------------------------------+--------------------+


+------------------------------------------------------+
; General Register Statistics                          ;
+----------------------------------------------+-------+
; Statistic                                    ; Value ;
+----------------------------------------------+-------+
; Total registers                              ; 329   ;
; Number of registers using Synchronous Clear  ; 32    ;
; Number of registers using Synchronous Load   ; 13    ;
; Number of registers using Asynchronous Clear ; 32    ;
; Number of registers using Asynchronous Load  ; 0     ;
; Number of registers using Clock Enable       ; 285   ;
; Number of registers using Preset             ; 0     ;
+----------------------------------------------+-------+


+----------------------------------------------------------------------------------------------------------------------------------------------------------------------------+
; Multiplexer Restructuring Statistics (Restructuring Performed)                                                                                                             ;
+--------------------+-----------+---------------+----------------------+------------------------+------------+--------------------------------------------------------------+
; Multiplexer Inputs ; Bus Width ; Baseline Area ; Area if Restructured ; Saving if Restructured ; Registered ; Example Multiplexer Output                                   ;
+--------------------+-----------+---------------+----------------------+------------------------+------------+--------------------------------------------------------------+
; 4:1                ; 8 bits    ; 16 LEs        ; 16 LEs               ; 0 LEs                  ; Yes        ; |Processor|Datapath:DP|InsSetOp:ISO|Register:A_reg|Output[0] ;
; 4:1                ; 8 bits    ; 16 LEs        ; 8 LEs                ; 8 LEs                  ; Yes        ; |Processor|Datapath:DP|InitRam:modifiedRam|RAM[31][4]        ;
; 4:1                ; 8 bits    ; 16 LEs        ; 8 LEs                ; 8 LEs                  ; Yes        ; |Processor|Datapath:DP|InitRam:modifiedRam|RAM[30][4]        ;
; 4:1                ; 8 bits    ; 16 LEs        ; 8 LEs                ; 8 LEs                  ; Yes        ; |Processor|Datapath:DP|InitRam:modifiedRam|RAM[17][1]        ;
; 4:1                ; 8 bits    ; 16 LEs        ; 8 LEs                ; 8 LEs                  ; Yes        ; |Processor|Datapath:DP|InitRam:modifiedRam|RAM[16][3]        ;
; 4:1                ; 8 bits    ; 16 LEs        ; 8 LEs                ; 8 LEs                  ; Yes        ; |Processor|Datapath:DP|InitRam:modifiedRam|RAM[15][4]        ;
; 4:1                ; 8 bits    ; 16 LEs        ; 8 LEs                ; 8 LEs                  ; Yes        ; |Processor|Datapath:DP|InitRam:modifiedRam|RAM[14][4]        ;
; 4:1                ; 8 bits    ; 16 LEs        ; 8 LEs                ; 8 LEs                  ; Yes        ; |Processor|Datapath:DP|InitRam:modifiedRam|RAM[13][4]        ;
; 4:1                ; 8 bits    ; 16 LEs        ; 8 LEs                ; 8 LEs                  ; Yes        ; |Processor|Datapath:DP|InitRam:modifiedRam|RAM[12][4]        ;
; 4:1                ; 8 bits    ; 16 LEs        ; 8 LEs                ; 8 LEs                  ; Yes        ; |Processor|Datapath:DP|InitRam:modifiedRam|RAM[11][4]        ;
; 4:1                ; 8 bits    ; 16 LEs        ; 8 LEs                ; 8 LEs                  ; Yes        ; |Processor|Datapath:DP|InitRam:modifiedRam|RAM[10][2]        ;
; 4:1                ; 8 bits    ; 16 LEs        ; 8 LEs                ; 8 LEs                  ; Yes        ; |Processor|Datapath:DP|InitRam:modifiedRam|RAM[9][4]         ;
; 4:1                ; 8 bits    ; 16 LEs        ; 8 LEs                ; 8 LEs                  ; Yes        ; |Processor|Datapath:DP|InitRam:modifiedRam|RAM[8][0]         ;
; 4:1                ; 8 bits    ; 16 LEs        ; 8 LEs                ; 8 LEs                  ; Yes        ; |Processor|Datapath:DP|InitRam:modifiedRam|RAM[7][7]         ;
; 4:1                ; 8 bits    ; 16 LEs        ; 8 LEs                ; 8 LEs                  ; Yes        ; |Processor|Datapath:DP|InitRam:modifiedRam|RAM[6][3]         ;
; 4:1                ; 8 bits    ; 16 LEs        ; 8 LEs                ; 8 LEs                  ; Yes        ; |Processor|Datapath:DP|InitRam:modifiedRam|RAM[5][0]         ;
; 4:1                ; 8 bits    ; 16 LEs        ; 8 LEs                ; 8 LEs                  ; Yes        ; |Processor|Datapath:DP|InitRam:modifiedRam|RAM[4][0]         ;
; 4:1                ; 8 bits    ; 16 LEs        ; 8 LEs                ; 8 LEs                  ; Yes        ; |Processor|Datapath:DP|InitRam:modifiedRam|RAM[3][5]         ;
; 4:1                ; 8 bits    ; 16 LEs        ; 8 LEs                ; 8 LEs                  ; Yes        ; |Processor|Datapath:DP|InitRam:modifiedRam|RAM[2][5]         ;
; 4:1                ; 8 bits    ; 16 LEs        ; 8 LEs                ; 8 LEs                  ; Yes        ; |Processor|Datapath:DP|InitRam:modifiedRam|RAM[1][2]         ;
; 4:1                ; 8 bits    ; 16 LEs        ; 8 LEs                ; 8 LEs                  ; Yes        ; |Processor|Datapath:DP|InitRam:modifiedRam|RAM[0][1]         ;
; 32:1               ; 8 bits    ; 168 LEs       ; 168 LEs              ; 0 LEs                  ; Yes        ; |Processor|Datapath:DP|InitRam:modifiedRam|Q[5]              ;
+--------------------+-----------+---------------+----------------------+------------------------+------------+--------------------------------------------------------------+


+-------------------------------------------------------------+
; Parameter Settings for User Entity Instance: ControlUnit:CU ;
+----------------+-------+------------------------------------+
; Parameter Name ; Value ; Type                               ;
+----------------+-------+------------------------------------+
; start          ; 0000  ; Unsigned Binary                    ;
; fetch          ; 0001  ; Unsigned Binary                    ;
; decode         ; 0010  ; Unsigned Binary                    ;
; load           ; 1000  ; Unsigned Binary                    ;
; store          ; 1001  ; Unsigned Binary                    ;
; add            ; 1010  ; Unsigned Binary                    ;
; sub            ; 1011  ; Unsigned Binary                    ;
; Input          ; 1100  ; Unsigned Binary                    ;
; jz             ; 1101  ; Unsigned Binary                    ;
; jpos           ; 1110  ; Unsigned Binary                    ;
; halt           ; 1111  ; Unsigned Binary                    ;
+----------------+-------+------------------------------------+
Note: In order to hide this table in the UI and the text report file, please set the "Show Parameter Settings Tables in Synthesis Report" option in "Analysis and Synthesis Settings -> More Settings" to "Off".


+---------------------------------------------------------------------------------------+
; Parameter Settings for User Entity Instance: Datapath:DP|InsCycOp:ICO|Register:IR_reg ;
+----------------+-------+--------------------------------------------------------------+
; Parameter Name ; Value ; Type                                                         ;
+----------------+-------+--------------------------------------------------------------+
; width          ; 8     ; Signed Integer                                               ;
+----------------+-------+--------------------------------------------------------------+
Note: In order to hide this table in the UI and the text report file, please set the "Show Parameter Settings Tables in Synthesis Report" option in "Analysis and Synthesis Settings -> More Settings" to "Off".


+----------------------------------------------------------------------------------------+
; Parameter Settings for User Entity Instance: Datapath:DP|InsCycOp:ICO|Multiplexer:mux1 ;
+----------------+-------+---------------------------------------------------------------+
; Parameter Name ; Value ; Type                                                          ;
+----------------+-------+---------------------------------------------------------------+
; width          ; 5     ; Signed Integer                                                ;
; sel            ; 1     ; Signed Integer                                                ;
+----------------+-------+---------------------------------------------------------------+
Note: In order to hide this table in the UI and the text report file, please set the "Show Parameter Settings Tables in Synthesis Report" option in "Analysis and Synthesis Settings -> More Settings" to "Off".


+--------------------------------------------------------------------------------------+
; Parameter Settings for User Entity Instance: Datapath:DP|InsCycOp:ICO|Increment:Incr ;
+----------------+-------+-------------------------------------------------------------+
; Parameter Name ; Value ; Type                                                        ;
+----------------+-------+-------------------------------------------------------------+
; width          ; 5     ; Signed Integer                                              ;
+----------------+-------+-------------------------------------------------------------+
Note: In order to hide this table in the UI and the text report file, please set the "Show Parameter Settings Tables in Synthesis Report" option in "Analysis and Synthesis Settings -> More Settings" to "Off".


+---------------------------------------------------------------------------------------+
; Parameter Settings for User Entity Instance: Datapath:DP|InsCycOp:ICO|Register:PC_reg ;
+----------------+-------+--------------------------------------------------------------+
; Parameter Name ; Value ; Type                                                         ;
+----------------+-------+--------------------------------------------------------------+
; width          ; 5     ; Signed Integer                                               ;
+----------------+-------+--------------------------------------------------------------+
Note: In order to hide this table in the UI and the text report file, please set the "Show Parameter Settings Tables in Synthesis Report" option in "Analysis and Synthesis Settings -> More Settings" to "Off".


+----------------------------------------------------------------------------------------+
; Parameter Settings for User Entity Instance: Datapath:DP|InsCycOp:ICO|Multiplexer:mux2 ;
+----------------+-------+---------------------------------------------------------------+
; Parameter Name ; Value ; Type                                                          ;
+----------------+-------+---------------------------------------------------------------+
; width          ; 5     ; Signed Integer                                                ;
; sel            ; 1     ; Signed Integer                                                ;
+----------------+-------+---------------------------------------------------------------+
Note: In order to hide this table in the UI and the text report file, please set the "Show Parameter Settings Tables in Synthesis Report" option in "Analysis and Synthesis Settings -> More Settings" to "Off".


+------------------------------------------------------------------------------------------+
; Parameter Settings for User Entity Instance: Datapath:DP|InsSetOp:ISO|Multiplexer:mux3_2 ;
+----------------+-------+-----------------------------------------------------------------+
; Parameter Name ; Value ; Type                                                            ;
+----------------+-------+-----------------------------------------------------------------+
; width          ; 8     ; Signed Integer                                                  ;
; sel            ; 1     ; Signed Integer                                                  ;
+----------------+-------+-----------------------------------------------------------------+
Note: In order to hide this table in the UI and the text report file, please set the "Show Parameter Settings Tables in Synthesis Report" option in "Analysis and Synthesis Settings -> More Settings" to "Off".


+------------------------------------------------------------------------------------------+
; Parameter Settings for User Entity Instance: Datapath:DP|InsSetOp:ISO|Multiplexer:mux3_1 ;
+----------------+-------+-----------------------------------------------------------------+
; Parameter Name ; Value ; Type                                                            ;
+----------------+-------+-----------------------------------------------------------------+
; width          ; 8     ; Signed Integer                                                  ;
; sel            ; 1     ; Signed Integer                                                  ;
+----------------+-------+-----------------------------------------------------------------+
Note: In order to hide this table in the UI and the text report file, please set the "Show Parameter Settings Tables in Synthesis Report" option in "Analysis and Synthesis Settings -> More Settings" to "Off".


+----------------------------------------------------------------------------------------+
; Parameter Settings for User Entity Instance: Datapath:DP|InsSetOp:ISO|Multiplexer:mux3 ;
+----------------+-------+---------------------------------------------------------------+
; Parameter Name ; Value ; Type                                                          ;
+----------------+-------+---------------------------------------------------------------+
; width          ; 8     ; Signed Integer                                                ;
; sel            ; 1     ; Signed Integer                                                ;
+----------------+-------+---------------------------------------------------------------+
Note: In order to hide this table in the UI and the text report file, please set the "Show Parameter Settings Tables in Synthesis Report" option in "Analysis and Synthesis Settings -> More Settings" to "Off".


+--------------------------------------------------------------------------------------+
; Parameter Settings for User Entity Instance: Datapath:DP|InsSetOp:ISO|Register:A_reg ;
+----------------+-------+-------------------------------------------------------------+
; Parameter Name ; Value ; Type                                                        ;
+----------------+-------+-------------------------------------------------------------+
; width          ; 8     ; Signed Integer                                              ;
+----------------+-------+-------------------------------------------------------------+
Note: In order to hide this table in the UI and the text report file, please set the "Show Parameter Settings Tables in Synthesis Report" option in "Analysis and Synthesis Settings -> More Settings" to "Off".


+---------------------------------------------------------------------------------+
; Parameter Settings for User Entity Instance: Datapath:DP|InsSetOp:ISO|AddSub:AS ;
+----------------+-------+--------------------------------------------------------+
; Parameter Name ; Value ; Type                                                   ;
+----------------+-------+--------------------------------------------------------+
; width          ; 8     ; Signed Integer                                         ;
+----------------+-------+--------------------------------------------------------+
Note: In order to hide this table in the UI and the text report file, please set the "Show Parameter Settings Tables in Synthesis Report" option in "Analysis and Synthesis Settings -> More Settings" to "Off".


+-------------------------------------------------------------------------+
; Port Connectivity Checks: "Datapath:DP|InsSetOp:ISO|Multiplexer:mux3_2" ;
+-------+-------+----------+----------------------------------------------+
; Port  ; Type  ; Severity ; Details                                      ;
+-------+-------+----------+----------------------------------------------+
; iDat1 ; Input ; Info     ; Stuck at GND                                 ;
+-------+-------+----------+----------------------------------------------+


+-------------------------------+
; Analysis & Synthesis Messages ;
+-------------------------------+
Info: *******************************************************************
Info: Running Quartus II Analysis & Synthesis
    Info: Version 9.1 Build 222 10/21/2009 SJ Web Edition
    Info: Processing started: Tue Dec 22 16:48:31 2015
Info: Command: quartus_map --read_settings_files=on --write_settings_files=off Processor -c Processor
Info: Found 1 design units, including 1 entities, in source file clkdiv.v
    Info: Found entity 1: ClkDiv
Info: Found 1 design units, including 1 entities, in source file register.v
    Info: Found entity 1: Register
Info: Found 1 design units, including 1 entities, in source file processor.v
    Info: Found entity 1: Processor
Info: Found 1 design units, including 1 entities, in source file multiplexer.v
    Info: Found entity 1: Multiplexer
Info: Found 1 design units, including 1 entities, in source file inssetop.v
    Info: Found entity 1: InsSetOp
Info: Found 1 design units, including 1 entities, in source file inscycop.v
    Info: Found entity 1: InsCycOp
Info: Found 1 design units, including 1 entities, in source file initram.v
    Info: Found entity 1: InitRam
Info: Found 1 design units, including 1 entities, in source file increment.v
    Info: Found entity 1: Increment
Info: Found 1 design units, including 1 entities, in source file datapath.v
    Info: Found entity 1: Datapath
Info: Found 1 design units, including 1 entities, in source file controlunit.v
    Info: Found entity 1: ControlUnit
Info: Found 1 design units, including 1 entities, in source file addsub.v
    Info: Found entity 1: AddSub
Warning (10236): Verilog HDL Implicit Net warning at Processor.v(31): created implicit net for "Clk_1hz"
Info: Elaborating entity "Processor" for the top level hierarchy
Info: Elaborating entity "ClkDiv" for hierarchy "ClkDiv:clk"
Info: Elaborating entity "ControlUnit" for hierarchy "ControlUnit:CU"
Info: Elaborating entity "Datapath" for hierarchy "Datapath:DP"
Info: Elaborating entity "InsCycOp" for hierarchy "Datapath:DP|InsCycOp:ICO"
Info: Elaborating entity "Register" for hierarchy "Datapath:DP|InsCycOp:ICO|Register:IR_reg"
Info: Elaborating entity "Multiplexer" for hierarchy "Datapath:DP|InsCycOp:ICO|Multiplexer:mux1"
Info: Elaborating entity "Increment" for hierarchy "Datapath:DP|InsCycOp:ICO|Increment:Incr"
Warning (10230): Verilog HDL assignment warning at Increment.v(8): truncated value with size 32 to match size of target (5)
Info: Elaborating entity "Register" for hierarchy "Datapath:DP|InsCycOp:ICO|Register:PC_reg"
Info: Elaborating entity "InitRam" for hierarchy "Datapath:DP|InitRam:modifiedRam"
Info: Elaborating entity "InsSetOp" for hierarchy "Datapath:DP|InsSetOp:ISO"
Info: Elaborating entity "Multiplexer" for hierarchy "Datapath:DP|InsSetOp:ISO|Multiplexer:mux3_2"
Info: Elaborating entity "AddSub" for hierarchy "Datapath:DP|InsSetOp:ISO|AddSub:AS"
Info: 4 registers lost all their fanouts during netlist optimizations. The first 4 are displayed below.
    Info: Register "ControlUnit:CU|state~4" lost all its fanouts during netlist optimizations.
    Info: Register "ControlUnit:CU|state~5" lost all its fanouts during netlist optimizations.
    Info: Register "ControlUnit:CU|state~6" lost all its fanouts during netlist optimizations.
    Info: Register "ControlUnit:CU|state~7" lost all its fanouts during netlist optimizations.
Info: Generated suppressed messages file C:/Users/Student/Desktop/ASIC/Lab2/Processor/Hardware/output_files/Processor.map.smsg
Warning: Design contains 3 input pin(s) that do not drive logic
    Warning (15610): No output dependent on input pin "SW[8]"
    Warning (15610): No output dependent on input pin "SW[9]"
    Warning (15610): No output dependent on input pin "KEY[3]"
Info: Implemented 628 device resources after synthesis - the final resource count might be different
    Info: Implemented 15 input pins
    Info: Implemented 18 output pins
    Info: Implemented 595 logic cells
Info: Quartus II Analysis & Synthesis was successful. 0 errors, 7 warnings
    Info: Peak virtual memory: 200 megabytes
    Info: Processing ended: Tue Dec 22 16:48:33 2015
    Info: Elapsed time: 00:00:02
    Info: Total CPU time (on all processors): 00:00:02


+------------------------------------------+
; Analysis & Synthesis Suppressed Messages ;
+------------------------------------------+
The suppressed messages can be found in C:/Users/Student/Desktop/ASIC/Lab2/Processor/Hardware/output_files/Processor.map.smsg.


