Analysis & Synthesis report for Datapath
Sun Dec 13 11:00:18 2015
Quartus II 64-Bit Version 13.0.1 Build 232 06/12/2013 Service Pack 1 SJ Web Edition


---------------------
; Table of Contents ;
---------------------
  1. Legal Notice
  2. Analysis & Synthesis Summary
  3. Analysis & Synthesis Settings
  4. Parallel Compilation
  5. Analysis & Synthesis Source Files Read
  6. Analysis & Synthesis Resource Usage Summary
  7. Analysis & Synthesis Resource Utilization by Entity
  8. Analysis & Synthesis RAM Summary
  9. General Register Statistics
 10. Registers Packed Into Inferred Megafunctions
 11. Multiplexer Restructuring Statistics (Restructuring Performed)
 12. Source assignments for MemoryRam:RAM|altsyncram:RAM_rtl_0|altsyncram_ohd1:auto_generated
 13. Parameter Settings for User Entity Instance: InsCycOp:ICO|Register:IR_reg
 14. Parameter Settings for User Entity Instance: InsCycOp:ICO|Multiplexer:mux1
 15. Parameter Settings for User Entity Instance: InsCycOp:ICO|Increment:Incr
 16. Parameter Settings for User Entity Instance: InsCycOp:ICO|Register:PC_reg
 17. Parameter Settings for User Entity Instance: InsCycOp:ICO|Multiplexer:mux2
 18. Parameter Settings for User Entity Instance: InsSetOp:ISO|Multiplexer:mux3_2
 19. Parameter Settings for User Entity Instance: InsSetOp:ISO|Multiplexer:mux3_1
 20. Parameter Settings for User Entity Instance: InsSetOp:ISO|Multiplexer:mux3
 21. Parameter Settings for User Entity Instance: InsSetOp:ISO|Register:A_reg
 22. Parameter Settings for User Entity Instance: InsSetOp:ISO|AddSub:AS
 23. Parameter Settings for Inferred Entity Instance: MemoryRam:RAM|altsyncram:RAM_rtl_0
 24. altsyncram Parameter Settings by Entity Instance
 25. Port Connectivity Checks: "InsSetOp:ISO|Multiplexer:mux3_2"
 26. Elapsed Time Per Partition
 27. Analysis & Synthesis Messages
 28. Analysis & Synthesis Suppressed Messages



----------------
; Legal Notice ;
----------------
Copyright (C) 1991-2013 Altera Corporation
Your use of Altera Corporation's design tools, logic functions 
and other software and tools, and its AMPP partner logic 
functions, and any output files from any of the foregoing 
(including device programming or simulation files), and any 
associated documentation or information are expressly subject 
to the terms and conditions of the Altera Program License 
Subscription Agreement, Altera MegaCore Function License 
Agreement, or other applicable license agreement, including, 
without limitation, that your use is for the sole purpose of 
programming logic devices manufactured by Altera and sold by 
Altera or its authorized distributors.  Please refer to the 
applicable agreement for further details.



+--------------------------------------------------------------------------------------+
; Analysis & Synthesis Summary                                                         ;
+------------------------------------+-------------------------------------------------+
; Analysis & Synthesis Status        ; Successful - Sun Dec 13 11:00:18 2015           ;
; Quartus II 64-Bit Version          ; 13.0.1 Build 232 06/12/2013 SP 1 SJ Web Edition ;
; Revision Name                      ; Datapath                                        ;
; Top-level Entity Name              ; Datapath                                        ;
; Family                             ; Cyclone II                                      ;
; Total logic elements               ; 54                                              ;
;     Total combinational functions  ; 46                                              ;
;     Dedicated logic registers      ; 21                                              ;
; Total registers                    ; 21                                              ;
; Total pins                         ; 32                                              ;
; Total virtual pins                 ; 0                                               ;
; Total memory bits                  ; 256                                             ;
; Embedded Multiplier 9-bit elements ; 0                                               ;
; Total PLLs                         ; 0                                               ;
+------------------------------------+-------------------------------------------------+


+----------------------------------------------------------------------------------------------------------------------+
; Analysis & Synthesis Settings                                                                                        ;
+----------------------------------------------------------------------------+--------------------+--------------------+
; Option                                                                     ; Setting            ; Default Value      ;
+----------------------------------------------------------------------------+--------------------+--------------------+
; Device                                                                     ; EP2C20F484C7       ;                    ;
; Top-level entity name                                                      ; Datapath           ; Datapath           ;
; Family name                                                                ; Cyclone II         ; Cyclone IV GX      ;
; Use smart compilation                                                      ; Off                ; Off                ;
; Enable parallel Assembler and TimeQuest Timing Analyzer during compilation ; On                 ; On                 ;
; Enable compact report table                                                ; Off                ; Off                ;
; Restructure Multiplexers                                                   ; Auto               ; Auto               ;
; Create Debugging Nodes for IP Cores                                        ; Off                ; Off                ;
; Preserve fewer node names                                                  ; On                 ; On                 ;
; Disable OpenCore Plus hardware evaluation                                  ; Off                ; Off                ;
; Verilog Version                                                            ; Verilog_2001       ; Verilog_2001       ;
; VHDL Version                                                               ; VHDL_1993          ; VHDL_1993          ;
; State Machine Processing                                                   ; Auto               ; Auto               ;
; Safe State Machine                                                         ; Off                ; Off                ;
; Extract Verilog State Machines                                             ; On                 ; On                 ;
; Extract VHDL State Machines                                                ; On                 ; On                 ;
; Ignore Verilog initial constructs                                          ; Off                ; Off                ;
; Iteration limit for constant Verilog loops                                 ; 5000               ; 5000               ;
; Iteration limit for non-constant Verilog loops                             ; 250                ; 250                ;
; Add Pass-Through Logic to Inferred RAMs                                    ; On                 ; On                 ;
; Infer RAMs from Raw Logic                                                  ; On                 ; On                 ;
; Parallel Synthesis                                                         ; On                 ; On                 ;
; DSP Block Balancing                                                        ; Auto               ; Auto               ;
; NOT Gate Push-Back                                                         ; On                 ; On                 ;
; Power-Up Don't Care                                                        ; On                 ; On                 ;
; Remove Redundant Logic Cells                                               ; Off                ; Off                ;
; Remove Duplicate Registers                                                 ; On                 ; On                 ;
; Ignore CARRY Buffers                                                       ; Off                ; Off                ;
; Ignore CASCADE Buffers                                                     ; Off                ; Off                ;
; Ignore GLOBAL Buffers                                                      ; Off                ; Off                ;
; Ignore ROW GLOBAL Buffers                                                  ; Off                ; Off                ;
; Ignore LCELL Buffers                                                       ; Off                ; Off                ;
; Ignore SOFT Buffers                                                        ; On                 ; On                 ;
; Limit AHDL Integers to 32 Bits                                             ; Off                ; Off                ;
; Optimization Technique                                                     ; Balanced           ; Balanced           ;
; Carry Chain Length                                                         ; 70                 ; 70                 ;
; Auto Carry Chains                                                          ; On                 ; On                 ;
; Auto Open-Drain Pins                                                       ; On                 ; On                 ;
; Perform WYSIWYG Primitive Resynthesis                                      ; Off                ; Off                ;
; Auto ROM Replacement                                                       ; On                 ; On                 ;
; Auto RAM Replacement                                                       ; On                 ; On                 ;
; Auto Shift Register Replacement                                            ; Auto               ; Auto               ;
; Allow Shift Register Merging across Hierarchies                            ; Auto               ; Auto               ;
; Auto Clock Enable Replacement                                              ; On                 ; On                 ;
; Strict RAM Replacement                                                     ; Off                ; Off                ;
; Allow Synchronous Control Signals                                          ; On                 ; On                 ;
; Force Use of Synchronous Clear Signals                                     ; Off                ; Off                ;
; Auto RAM to Logic Cell Conversion                                          ; Off                ; Off                ;
; Auto Resource Sharing                                                      ; Off                ; Off                ;
; Allow Any RAM Size For Recognition                                         ; Off                ; Off                ;
; Allow Any ROM Size For Recognition                                         ; Off                ; Off                ;
; Allow Any Shift Register Size For Recognition                              ; Off                ; Off                ;
; Use LogicLock Constraints during Resource Balancing                        ; On                 ; On                 ;
; Ignore translate_off and synthesis_off directives                          ; Off                ; Off                ;
; Timing-Driven Synthesis                                                    ; Off                ; Off                ;
; Report Parameter Settings                                                  ; On                 ; On                 ;
; Report Source Assignments                                                  ; On                 ; On                 ;
; Report Connectivity Checks                                                 ; On                 ; On                 ;
; Ignore Maximum Fan-Out Assignments                                         ; Off                ; Off                ;
; Synchronization Register Chain Length                                      ; 2                  ; 2                  ;
; PowerPlay Power Optimization                                               ; Normal compilation ; Normal compilation ;
; HDL message level                                                          ; Level2             ; Level2             ;
; Suppress Register Optimization Related Messages                            ; Off                ; Off                ;
; Number of Removed Registers Reported in Synthesis Report                   ; 5000               ; 5000               ;
; Number of Swept Nodes Reported in Synthesis Report                         ; 5000               ; 5000               ;
; Number of Inverted Registers Reported in Synthesis Report                  ; 100                ; 100                ;
; Clock MUX Protection                                                       ; On                 ; On                 ;
; Auto Gated Clock Conversion                                                ; Off                ; Off                ;
; Block Design Naming                                                        ; Auto               ; Auto               ;
; SDC constraint protection                                                  ; Off                ; Off                ;
; Synthesis Effort                                                           ; Auto               ; Auto               ;
; Shift Register Replacement - Allow Asynchronous Clear Signal               ; On                 ; On                 ;
; Pre-Mapping Resynthesis Optimization                                       ; Off                ; Off                ;
; Analysis & Synthesis Message Level                                         ; Medium             ; Medium             ;
; Disable Register Merging Across Hierarchies                                ; Auto               ; Auto               ;
; Resource Aware Inference For Block RAM                                     ; On                 ; On                 ;
; Synthesis Seed                                                             ; 1                  ; 1                  ;
+----------------------------------------------------------------------------+--------------------+--------------------+


+------------------------------------------+
; Parallel Compilation                     ;
+----------------------------+-------------+
; Processors                 ; Number      ;
+----------------------------+-------------+
; Number detected on machine ; 4           ;
; Maximum allowed            ; 2           ;
;                            ;             ;
; Average used               ; 1.00        ;
; Maximum used               ; 1           ;
;                            ;             ;
; Usage by Processor         ; % Time Used ;
;     Processor 1            ; 100.0%      ;
;     Processors 2-4         ;   0.0%      ;
+----------------------------+-------------+


+--------------------------------------------------------------------------------------------------------------------------------------------------------------------------+
; Analysis & Synthesis Source Files Read                                                                                                                                   ;
+----------------------------------+-----------------+------------------------------+----------------------------------------------------------------------------+---------+
; File Name with User-Entered Path ; Used in Netlist ; File Type                    ; File Name with Absolute Path                                               ; Library ;
+----------------------------------+-----------------+------------------------------+----------------------------------------------------------------------------+---------+
; InsSetOp.v                       ; yes             ; User Verilog HDL File        ; C:/Users/Prince/Desktop/ASIC/Lab2/Datapath/Datapath/InsSetOp.v             ;         ;
; AddSub.v                         ; yes             ; User Verilog HDL File        ; C:/Users/Prince/Desktop/ASIC/Lab2/Datapath/Datapath/AddSub.v               ;         ;
; Increment.v                      ; yes             ; User Verilog HDL File        ; C:/Users/Prince/Desktop/ASIC/Lab2/Datapath/Datapath/Increment.v            ;         ;
; InsCycOp.v                       ; yes             ; User Verilog HDL File        ; C:/Users/Prince/Desktop/ASIC/Lab2/Datapath/Datapath/InsCycOp.v             ;         ;
; MemoryRam.v                      ; yes             ; User Verilog HDL File        ; C:/Users/Prince/Desktop/ASIC/Lab2/Datapath/Datapath/MemoryRam.v            ;         ;
; Multiplexer.v                    ; yes             ; User Verilog HDL File        ; C:/Users/Prince/Desktop/ASIC/Lab2/Datapath/Datapath/Multiplexer.v          ;         ;
; Register.v                       ; yes             ; User Verilog HDL File        ; C:/Users/Prince/Desktop/ASIC/Lab2/Datapath/Datapath/Register.v             ;         ;
; Datapath.v                       ; yes             ; User Verilog HDL File        ; C:/Users/Prince/Desktop/ASIC/Lab2/Datapath/Datapath/Datapath.v             ;         ;
; altsyncram.tdf                   ; yes             ; Megafunction                 ; c:/altera/13.0sp1/quartus/libraries/megafunctions/altsyncram.tdf           ;         ;
; stratix_ram_block.inc            ; yes             ; Megafunction                 ; c:/altera/13.0sp1/quartus/libraries/megafunctions/stratix_ram_block.inc    ;         ;
; lpm_mux.inc                      ; yes             ; Megafunction                 ; c:/altera/13.0sp1/quartus/libraries/megafunctions/lpm_mux.inc              ;         ;
; lpm_decode.inc                   ; yes             ; Megafunction                 ; c:/altera/13.0sp1/quartus/libraries/megafunctions/lpm_decode.inc           ;         ;
; aglobal130.inc                   ; yes             ; Megafunction                 ; c:/altera/13.0sp1/quartus/libraries/megafunctions/aglobal130.inc           ;         ;
; a_rdenreg.inc                    ; yes             ; Megafunction                 ; c:/altera/13.0sp1/quartus/libraries/megafunctions/a_rdenreg.inc            ;         ;
; altrom.inc                       ; yes             ; Megafunction                 ; c:/altera/13.0sp1/quartus/libraries/megafunctions/altrom.inc               ;         ;
; altram.inc                       ; yes             ; Megafunction                 ; c:/altera/13.0sp1/quartus/libraries/megafunctions/altram.inc               ;         ;
; altdpram.inc                     ; yes             ; Megafunction                 ; c:/altera/13.0sp1/quartus/libraries/megafunctions/altdpram.inc             ;         ;
; db/altsyncram_ohd1.tdf           ; yes             ; Auto-Generated Megafunction  ; C:/Users/Prince/Desktop/ASIC/Lab2/Datapath/Datapath/db/altsyncram_ohd1.tdf ;         ;
+----------------------------------+-----------------+------------------------------+----------------------------------------------------------------------------+---------+


+-----------------------------------------------------+
; Analysis & Synthesis Resource Usage Summary         ;
+---------------------------------------------+-------+
; Resource                                    ; Usage ;
+---------------------------------------------+-------+
; Estimated Total logic elements              ; 54    ;
;                                             ;       ;
; Total combinational functions               ; 46    ;
; Logic element usage by number of LUT inputs ;       ;
;     -- 4 input functions                    ; 18    ;
;     -- 3 input functions                    ; 12    ;
;     -- <=2 input functions                  ; 16    ;
;                                             ;       ;
; Logic elements by mode                      ;       ;
;     -- normal mode                          ; 34    ;
;     -- arithmetic mode                      ; 12    ;
;                                             ;       ;
; Total registers                             ; 21    ;
;     -- Dedicated logic registers            ; 21    ;
;     -- I/O registers                        ; 0     ;
;                                             ;       ;
; I/O pins                                    ; 32    ;
; Total memory bits                           ; 256   ;
; Embedded Multiplier 9-bit elements          ; 0     ;
; Maximum fan-out node                        ; Clock ;
; Maximum fan-out                             ; 29    ;
; Total fan-out                               ; 310   ;
; Average fan-out                             ; 2.90  ;
+---------------------------------------------+-------+


+----------------------------------------------------------------------------------------------------------------------------------------------------------------------------------------------------------------------------------------------------+
; Analysis & Synthesis Resource Utilization by Entity                                                                                                                                                                                                ;
+-------------------------------------------+-------------------+--------------+-------------+--------------+---------+-----------+------+--------------+-----------------------------------------------------------------------------+--------------+
; Compilation Hierarchy Node                ; LC Combinationals ; LC Registers ; Memory Bits ; DSP Elements ; DSP 9x9 ; DSP 18x18 ; Pins ; Virtual Pins ; Full Hierarchy Name                                                         ; Library Name ;
+-------------------------------------------+-------------------+--------------+-------------+--------------+---------+-----------+------+--------------+-----------------------------------------------------------------------------+--------------+
; |Datapath                                 ; 46 (0)            ; 21 (0)       ; 256         ; 0            ; 0       ; 0         ; 32   ; 0            ; |Datapath                                                                   ; work         ;
;    |InsCycOp:ICO|                         ; 10 (0)            ; 13 (0)       ; 0           ; 0            ; 0       ; 0         ; 0    ; 0            ; |Datapath|InsCycOp:ICO                                                      ; work         ;
;       |Multiplexer:mux2|                  ; 5 (5)             ; 0 (0)        ; 0           ; 0            ; 0       ; 0         ; 0    ; 0            ; |Datapath|InsCycOp:ICO|Multiplexer:mux2                                     ; work         ;
;       |Register:IR_reg|                   ; 0 (0)             ; 8 (8)        ; 0           ; 0            ; 0       ; 0         ; 0    ; 0            ; |Datapath|InsCycOp:ICO|Register:IR_reg                                      ; work         ;
;       |Register:PC_reg|                   ; 5 (5)             ; 5 (5)        ; 0           ; 0            ; 0       ; 0         ; 0    ; 0            ; |Datapath|InsCycOp:ICO|Register:PC_reg                                      ; work         ;
;    |InsSetOp:ISO|                         ; 36 (3)            ; 8 (0)        ; 0           ; 0            ; 0       ; 0         ; 0    ; 0            ; |Datapath|InsSetOp:ISO                                                      ; work         ;
;       |AddSub:AS|                         ; 33 (33)           ; 0 (0)        ; 0           ; 0            ; 0       ; 0         ; 0    ; 0            ; |Datapath|InsSetOp:ISO|AddSub:AS                                            ; work         ;
;       |Register:A_reg|                    ; 0 (0)             ; 8 (8)        ; 0           ; 0            ; 0       ; 0         ; 0    ; 0            ; |Datapath|InsSetOp:ISO|Register:A_reg                                       ; work         ;
;    |MemoryRam:RAM|                        ; 0 (0)             ; 0 (0)        ; 256         ; 0            ; 0       ; 0         ; 0    ; 0            ; |Datapath|MemoryRam:RAM                                                     ; work         ;
;       |altsyncram:RAM_rtl_0|              ; 0 (0)             ; 0 (0)        ; 256         ; 0            ; 0       ; 0         ; 0    ; 0            ; |Datapath|MemoryRam:RAM|altsyncram:RAM_rtl_0                                ; work         ;
;          |altsyncram_ohd1:auto_generated| ; 0 (0)             ; 0 (0)        ; 256         ; 0            ; 0       ; 0         ; 0    ; 0            ; |Datapath|MemoryRam:RAM|altsyncram:RAM_rtl_0|altsyncram_ohd1:auto_generated ; work         ;
+-------------------------------------------+-------------------+--------------+-------------+--------------+---------+-----------+------+--------------+-----------------------------------------------------------------------------+--------------+
Note: For table entries with two numbers listed, the numbers in parentheses indicate the number of resources of the given type used by the specific entity alone. The numbers listed outside of parentheses indicate the total resources of the given type used by the specific entity and all of its sub-entities in the hierarchy.


+----------------------------------------------------------------------------------------------------------------------------------------------------------------------------------+
; Analysis & Synthesis RAM Summary                                                                                                                                                 ;
+------------------------------------------------------------------------------+------+------------------+--------------+--------------+--------------+--------------+------+------+
; Name                                                                         ; Type ; Mode             ; Port A Depth ; Port A Width ; Port B Depth ; Port B Width ; Size ; MIF  ;
+------------------------------------------------------------------------------+------+------------------+--------------+--------------+--------------+--------------+------+------+
; MemoryRam:RAM|altsyncram:RAM_rtl_0|altsyncram_ohd1:auto_generated|ALTSYNCRAM ; AUTO ; Simple Dual Port ; 32           ; 8            ; 32           ; 8            ; 256  ; None ;
+------------------------------------------------------------------------------+------+------------------+--------------+--------------+--------------+--------------+------+------+


+------------------------------------------------------+
; General Register Statistics                          ;
+----------------------------------------------+-------+
; Statistic                                    ; Value ;
+----------------------------------------------+-------+
; Total registers                              ; 21    ;
; Number of registers using Synchronous Clear  ; 0     ;
; Number of registers using Synchronous Load   ; 5     ;
; Number of registers using Asynchronous Clear ; 21    ;
; Number of registers using Asynchronous Load  ; 0     ;
; Number of registers using Clock Enable       ; 21    ;
; Number of registers using Preset             ; 0     ;
+----------------------------------------------+-------+


+-----------------------------------------------------------+
; Registers Packed Into Inferred Megafunctions              ;
+--------------------------+-------------------------+------+
; Register Name            ; Megafunction            ; Type ;
+--------------------------+-------------------------+------+
; MemoryRam:RAM|oDat[0..7] ; MemoryRam:RAM|RAM_rtl_0 ; RAM  ;
+--------------------------+-------------------------+------+


+---------------------------------------------------------------------------------------------------------------------------------------------------------------+
; Multiplexer Restructuring Statistics (Restructuring Performed)                                                                                                ;
+--------------------+-----------+---------------+----------------------+------------------------+------------+-------------------------------------------------+
; Multiplexer Inputs ; Bus Width ; Baseline Area ; Area if Restructured ; Saving if Restructured ; Registered ; Example Multiplexer Output                      ;
+--------------------+-----------+---------------+----------------------+------------------------+------------+-------------------------------------------------+
; 4:1                ; 8 bits    ; 16 LEs        ; 16 LEs               ; 0 LEs                  ; Yes        ; |Datapath|InsSetOp:ISO|Register:A_reg|Output[7] ;
+--------------------+-----------+---------------+----------------------+------------------------+------------+-------------------------------------------------+


+------------------------------------------------------------------------------------------+
; Source assignments for MemoryRam:RAM|altsyncram:RAM_rtl_0|altsyncram_ohd1:auto_generated ;
+---------------------------------+--------------------+------+----------------------------+
; Assignment                      ; Value              ; From ; To                         ;
+---------------------------------+--------------------+------+----------------------------+
; OPTIMIZE_POWER_DURING_SYNTHESIS ; NORMAL_COMPILATION ; -    ; -                          ;
+---------------------------------+--------------------+------+----------------------------+


+---------------------------------------------------------------------------+
; Parameter Settings for User Entity Instance: InsCycOp:ICO|Register:IR_reg ;
+----------------+-------+--------------------------------------------------+
; Parameter Name ; Value ; Type                                             ;
+----------------+-------+--------------------------------------------------+
; width          ; 8     ; Signed Integer                                   ;
+----------------+-------+--------------------------------------------------+
Note: In order to hide this table in the UI and the text report file, please set the "Show Parameter Settings in Synthesis Report" option in "Analysis and Synthesis Settings -> More Settings" to "Off".


+----------------------------------------------------------------------------+
; Parameter Settings for User Entity Instance: InsCycOp:ICO|Multiplexer:mux1 ;
+----------------+-------+---------------------------------------------------+
; Parameter Name ; Value ; Type                                              ;
+----------------+-------+---------------------------------------------------+
; width          ; 5     ; Signed Integer                                    ;
; sel            ; 1     ; Signed Integer                                    ;
+----------------+-------+---------------------------------------------------+
Note: In order to hide this table in the UI and the text report file, please set the "Show Parameter Settings in Synthesis Report" option in "Analysis and Synthesis Settings -> More Settings" to "Off".


+--------------------------------------------------------------------------+
; Parameter Settings for User Entity Instance: InsCycOp:ICO|Increment:Incr ;
+----------------+-------+-------------------------------------------------+
; Parameter Name ; Value ; Type                                            ;
+----------------+-------+-------------------------------------------------+
; width          ; 5     ; Signed Integer                                  ;
+----------------+-------+-------------------------------------------------+
Note: In order to hide this table in the UI and the text report file, please set the "Show Parameter Settings in Synthesis Report" option in "Analysis and Synthesis Settings -> More Settings" to "Off".


+---------------------------------------------------------------------------+
; Parameter Settings for User Entity Instance: InsCycOp:ICO|Register:PC_reg ;
+----------------+-------+--------------------------------------------------+
; Parameter Name ; Value ; Type                                             ;
+----------------+-------+--------------------------------------------------+
; width          ; 5     ; Signed Integer                                   ;
+----------------+-------+--------------------------------------------------+
Note: In order to hide this table in the UI and the text report file, please set the "Show Parameter Settings in Synthesis Report" option in "Analysis and Synthesis Settings -> More Settings" to "Off".


+----------------------------------------------------------------------------+
; Parameter Settings for User Entity Instance: InsCycOp:ICO|Multiplexer:mux2 ;
+----------------+-------+---------------------------------------------------+
; Parameter Name ; Value ; Type                                              ;
+----------------+-------+---------------------------------------------------+
; width          ; 5     ; Signed Integer                                    ;
; sel            ; 1     ; Signed Integer                                    ;
+----------------+-------+---------------------------------------------------+
Note: In order to hide this table in the UI and the text report file, please set the "Show Parameter Settings in Synthesis Report" option in "Analysis and Synthesis Settings -> More Settings" to "Off".


+------------------------------------------------------------------------------+
; Parameter Settings for User Entity Instance: InsSetOp:ISO|Multiplexer:mux3_2 ;
+----------------+-------+-----------------------------------------------------+
; Parameter Name ; Value ; Type                                                ;
+----------------+-------+-----------------------------------------------------+
; width          ; 8     ; Signed Integer                                      ;
; sel            ; 1     ; Signed Integer                                      ;
+----------------+-------+-----------------------------------------------------+
Note: In order to hide this table in the UI and the text report file, please set the "Show Parameter Settings in Synthesis Report" option in "Analysis and Synthesis Settings -> More Settings" to "Off".


+------------------------------------------------------------------------------+
; Parameter Settings for User Entity Instance: InsSetOp:ISO|Multiplexer:mux3_1 ;
+----------------+-------+-----------------------------------------------------+
; Parameter Name ; Value ; Type                                                ;
+----------------+-------+-----------------------------------------------------+
; width          ; 8     ; Signed Integer                                      ;
; sel            ; 1     ; Signed Integer                                      ;
+----------------+-------+-----------------------------------------------------+
Note: In order to hide this table in the UI and the text report file, please set the "Show Parameter Settings in Synthesis Report" option in "Analysis and Synthesis Settings -> More Settings" to "Off".


+----------------------------------------------------------------------------+
; Parameter Settings for User Entity Instance: InsSetOp:ISO|Multiplexer:mux3 ;
+----------------+-------+---------------------------------------------------+
; Parameter Name ; Value ; Type                                              ;
+----------------+-------+---------------------------------------------------+
; width          ; 8     ; Signed Integer                                    ;
; sel            ; 1     ; Signed Integer                                    ;
+----------------+-------+---------------------------------------------------+
Note: In order to hide this table in the UI and the text report file, please set the "Show Parameter Settings in Synthesis Report" option in "Analysis and Synthesis Settings -> More Settings" to "Off".


+--------------------------------------------------------------------------+
; Parameter Settings for User Entity Instance: InsSetOp:ISO|Register:A_reg ;
+----------------+-------+-------------------------------------------------+
; Parameter Name ; Value ; Type                                            ;
+----------------+-------+-------------------------------------------------+
; width          ; 8     ; Signed Integer                                  ;
+----------------+-------+-------------------------------------------------+
Note: In order to hide this table in the UI and the text report file, please set the "Show Parameter Settings in Synthesis Report" option in "Analysis and Synthesis Settings -> More Settings" to "Off".


+---------------------------------------------------------------------+
; Parameter Settings for User Entity Instance: InsSetOp:ISO|AddSub:AS ;
+----------------+-------+--------------------------------------------+
; Parameter Name ; Value ; Type                                       ;
+----------------+-------+--------------------------------------------+
; width          ; 8     ; Signed Integer                             ;
+----------------+-------+--------------------------------------------+
Note: In order to hide this table in the UI and the text report file, please set the "Show Parameter Settings in Synthesis Report" option in "Analysis and Synthesis Settings -> More Settings" to "Off".


+-------------------------------------------------------------------------------------+
; Parameter Settings for Inferred Entity Instance: MemoryRam:RAM|altsyncram:RAM_rtl_0 ;
+------------------------------------+----------------------+-------------------------+
; Parameter Name                     ; Value                ; Type                    ;
+------------------------------------+----------------------+-------------------------+
; BYTE_SIZE_BLOCK                    ; 8                    ; Untyped                 ;
; AUTO_CARRY_CHAINS                  ; ON                   ; AUTO_CARRY              ;
; IGNORE_CARRY_BUFFERS               ; OFF                  ; IGNORE_CARRY            ;
; AUTO_CASCADE_CHAINS                ; ON                   ; AUTO_CASCADE            ;
; IGNORE_CASCADE_BUFFERS             ; OFF                  ; IGNORE_CASCADE          ;
; WIDTH_BYTEENA                      ; 1                    ; Untyped                 ;
; OPERATION_MODE                     ; DUAL_PORT            ; Untyped                 ;
; WIDTH_A                            ; 8                    ; Untyped                 ;
; WIDTHAD_A                          ; 5                    ; Untyped                 ;
; NUMWORDS_A                         ; 32                   ; Untyped                 ;
; OUTDATA_REG_A                      ; UNREGISTERED         ; Untyped                 ;
; ADDRESS_ACLR_A                     ; NONE                 ; Untyped                 ;
; OUTDATA_ACLR_A                     ; NONE                 ; Untyped                 ;
; WRCONTROL_ACLR_A                   ; NONE                 ; Untyped                 ;
; INDATA_ACLR_A                      ; NONE                 ; Untyped                 ;
; BYTEENA_ACLR_A                     ; NONE                 ; Untyped                 ;
; WIDTH_B                            ; 8                    ; Untyped                 ;
; WIDTHAD_B                          ; 5                    ; Untyped                 ;
; NUMWORDS_B                         ; 32                   ; Untyped                 ;
; INDATA_REG_B                       ; CLOCK1               ; Untyped                 ;
; WRCONTROL_WRADDRESS_REG_B          ; CLOCK1               ; Untyped                 ;
; RDCONTROL_REG_B                    ; CLOCK1               ; Untyped                 ;
; ADDRESS_REG_B                      ; CLOCK1               ; Untyped                 ;
; OUTDATA_REG_B                      ; UNREGISTERED         ; Untyped                 ;
; BYTEENA_REG_B                      ; CLOCK1               ; Untyped                 ;
; INDATA_ACLR_B                      ; NONE                 ; Untyped                 ;
; WRCONTROL_ACLR_B                   ; NONE                 ; Untyped                 ;
; ADDRESS_ACLR_B                     ; NONE                 ; Untyped                 ;
; OUTDATA_ACLR_B                     ; NONE                 ; Untyped                 ;
; RDCONTROL_ACLR_B                   ; NONE                 ; Untyped                 ;
; BYTEENA_ACLR_B                     ; NONE                 ; Untyped                 ;
; WIDTH_BYTEENA_A                    ; 1                    ; Untyped                 ;
; WIDTH_BYTEENA_B                    ; 1                    ; Untyped                 ;
; RAM_BLOCK_TYPE                     ; AUTO                 ; Untyped                 ;
; BYTE_SIZE                          ; 8                    ; Untyped                 ;
; READ_DURING_WRITE_MODE_MIXED_PORTS ; DONT_CARE            ; Untyped                 ;
; READ_DURING_WRITE_MODE_PORT_A      ; NEW_DATA_NO_NBE_READ ; Untyped                 ;
; READ_DURING_WRITE_MODE_PORT_B      ; NEW_DATA_NO_NBE_READ ; Untyped                 ;
; INIT_FILE                          ; UNUSED               ; Untyped                 ;
; INIT_FILE_LAYOUT                   ; PORT_A               ; Untyped                 ;
; MAXIMUM_DEPTH                      ; 0                    ; Untyped                 ;
; CLOCK_ENABLE_INPUT_A               ; NORMAL               ; Untyped                 ;
; CLOCK_ENABLE_INPUT_B               ; NORMAL               ; Untyped                 ;
; CLOCK_ENABLE_OUTPUT_A              ; NORMAL               ; Untyped                 ;
; CLOCK_ENABLE_OUTPUT_B              ; NORMAL               ; Untyped                 ;
; CLOCK_ENABLE_CORE_A                ; USE_INPUT_CLKEN      ; Untyped                 ;
; CLOCK_ENABLE_CORE_B                ; USE_INPUT_CLKEN      ; Untyped                 ;
; ENABLE_ECC                         ; FALSE                ; Untyped                 ;
; ECC_PIPELINE_STAGE_ENABLED         ; FALSE                ; Untyped                 ;
; WIDTH_ECCSTATUS                    ; 3                    ; Untyped                 ;
; DEVICE_FAMILY                      ; Cyclone II           ; Untyped                 ;
; CBXI_PARAMETER                     ; altsyncram_ohd1      ; Untyped                 ;
+------------------------------------+----------------------+-------------------------+
Note: In order to hide this table in the UI and the text report file, please set the "Show Parameter Settings in Synthesis Report" option in "Analysis and Synthesis Settings -> More Settings" to "Off".


+--------------------------------------------------------------------------------+
; altsyncram Parameter Settings by Entity Instance                               ;
+-------------------------------------------+------------------------------------+
; Name                                      ; Value                              ;
+-------------------------------------------+------------------------------------+
; Number of entity instances                ; 1                                  ;
; Entity Instance                           ; MemoryRam:RAM|altsyncram:RAM_rtl_0 ;
;     -- OPERATION_MODE                     ; DUAL_PORT                          ;
;     -- WIDTH_A                            ; 8                                  ;
;     -- NUMWORDS_A                         ; 32                                 ;
;     -- OUTDATA_REG_A                      ; UNREGISTERED                       ;
;     -- WIDTH_B                            ; 8                                  ;
;     -- NUMWORDS_B                         ; 32                                 ;
;     -- ADDRESS_REG_B                      ; CLOCK1                             ;
;     -- OUTDATA_REG_B                      ; UNREGISTERED                       ;
;     -- RAM_BLOCK_TYPE                     ; AUTO                               ;
;     -- READ_DURING_WRITE_MODE_MIXED_PORTS ; DONT_CARE                          ;
+-------------------------------------------+------------------------------------+


+---------------------------------------------------------------------------------------------------------------------------------------------------------------------------------------------------------------------+
; Port Connectivity Checks: "InsSetOp:ISO|Multiplexer:mux3_2"                                                                                                                                                         ;
+-------------+-------+----------+------------------------------------------------------------------------------------------------------------------------------------------------------------------------------------+
; Port        ; Type  ; Severity ; Details                                                                                                                                                                            ;
+-------------+-------+----------+------------------------------------------------------------------------------------------------------------------------------------------------------------------------------------+
; iDat1       ; Input ; Warning  ; Input port expression (32 bits) is wider than the input port (8 bits) it drives.  The 24 most-significant bit(s) in the expression will be dangling if they have no other fanouts. ;
; iDat1[7..0] ; Input ; Info     ; Stuck at GND                                                                                                                                                                       ;
+-------------+-------+----------+------------------------------------------------------------------------------------------------------------------------------------------------------------------------------------+


+-------------------------------+
; Elapsed Time Per Partition    ;
+----------------+--------------+
; Partition Name ; Elapsed Time ;
+----------------+--------------+
; Top            ; 00:00:03     ;
+----------------+--------------+


+-------------------------------+
; Analysis & Synthesis Messages ;
+-------------------------------+
Info: *******************************************************************
Info: Running Quartus II 64-Bit Analysis & Synthesis
    Info: Version 13.0.1 Build 232 06/12/2013 Service Pack 1 SJ Web Edition
    Info: Processing started: Sun Dec 13 11:00:11 2015
Info: Command: quartus_map --read_settings_files=on --write_settings_files=off Datapath -c Datapath
Info (11104): Parallel Compilation has detected 4 hyper-threaded processors. However, the extra hyper-threaded processors will not be used by default. Parallel Compilation will use 2 of the 2 physical processors detected instead.
Info (12021): Found 1 design units, including 1 entities, in source file inssetop.v
    Info (12023): Found entity 1: InsSetOp
Info (12021): Found 1 design units, including 1 entities, in source file addsub.v
    Info (12023): Found entity 1: AddSub
Info (12021): Found 1 design units, including 1 entities, in source file increment.v
    Info (12023): Found entity 1: Increment
Info (12021): Found 1 design units, including 1 entities, in source file inscycop.v
    Info (12023): Found entity 1: InsCycOp
Info (12021): Found 1 design units, including 1 entities, in source file memoryram.v
    Info (12023): Found entity 1: MemoryRam
Info (12021): Found 1 design units, including 1 entities, in source file multiplexer.v
    Info (12023): Found entity 1: Multiplexer
Info (12021): Found 1 design units, including 1 entities, in source file register.v
    Info (12023): Found entity 1: Register
Info (12021): Found 1 design units, including 1 entities, in source file datapath.v
    Info (12023): Found entity 1: Datapath
Info (12021): Found 1 design units, including 1 entities, in source file datapath_tb.v
    Info (12023): Found entity 1: Datapath_tb
Info (12127): Elaborating entity "Datapath" for the top level hierarchy
Info (12128): Elaborating entity "InsCycOp" for hierarchy "InsCycOp:ICO"
Info (12128): Elaborating entity "Register" for hierarchy "InsCycOp:ICO|Register:IR_reg"
Info (12128): Elaborating entity "Multiplexer" for hierarchy "InsCycOp:ICO|Multiplexer:mux1"
Info (12128): Elaborating entity "Increment" for hierarchy "InsCycOp:ICO|Increment:Incr"
Warning (10230): Verilog HDL assignment warning at Increment.v(8): truncated value with size 32 to match size of target (5)
Info (12128): Elaborating entity "Register" for hierarchy "InsCycOp:ICO|Register:PC_reg"
Info (12128): Elaborating entity "MemoryRam" for hierarchy "MemoryRam:RAM"
Info (12128): Elaborating entity "InsSetOp" for hierarchy "InsSetOp:ISO"
Info (12128): Elaborating entity "Multiplexer" for hierarchy "InsSetOp:ISO|Multiplexer:mux3_2"
Info (12128): Elaborating entity "AddSub" for hierarchy "InsSetOp:ISO|AddSub:AS"
Warning (276027): Inferred dual-clock RAM node "MemoryRam:RAM|RAM_rtl_0" from synchronous design logic.  The read-during-write behavior of a dual-clock RAM is undefined and may not match the behavior of the original design.
Info (19000): Inferred 1 megafunctions from design logic
    Info (276029): Inferred altsyncram megafunction from the following design logic: "MemoryRam:RAM|RAM_rtl_0" 
        Info (286033): Parameter OPERATION_MODE set to DUAL_PORT
        Info (286033): Parameter WIDTH_A set to 8
        Info (286033): Parameter WIDTHAD_A set to 5
        Info (286033): Parameter NUMWORDS_A set to 32
        Info (286033): Parameter WIDTH_B set to 8
        Info (286033): Parameter WIDTHAD_B set to 5
        Info (286033): Parameter NUMWORDS_B set to 32
        Info (286033): Parameter ADDRESS_ACLR_A set to NONE
        Info (286033): Parameter OUTDATA_REG_B set to UNREGISTERED
        Info (286033): Parameter ADDRESS_ACLR_B set to NONE
        Info (286033): Parameter OUTDATA_ACLR_B set to NONE
        Info (286033): Parameter ADDRESS_REG_B set to CLOCK1
        Info (286033): Parameter INDATA_ACLR_A set to NONE
        Info (286033): Parameter WRCONTROL_ACLR_A set to NONE
Info (12130): Elaborated megafunction instantiation "MemoryRam:RAM|altsyncram:RAM_rtl_0"
Info (12133): Instantiated megafunction "MemoryRam:RAM|altsyncram:RAM_rtl_0" with the following parameter:
    Info (12134): Parameter "OPERATION_MODE" = "DUAL_PORT"
    Info (12134): Parameter "WIDTH_A" = "8"
    Info (12134): Parameter "WIDTHAD_A" = "5"
    Info (12134): Parameter "NUMWORDS_A" = "32"
    Info (12134): Parameter "WIDTH_B" = "8"
    Info (12134): Parameter "WIDTHAD_B" = "5"
    Info (12134): Parameter "NUMWORDS_B" = "32"
    Info (12134): Parameter "ADDRESS_ACLR_A" = "NONE"
    Info (12134): Parameter "OUTDATA_REG_B" = "UNREGISTERED"
    Info (12134): Parameter "ADDRESS_ACLR_B" = "NONE"
    Info (12134): Parameter "OUTDATA_ACLR_B" = "NONE"
    Info (12134): Parameter "ADDRESS_REG_B" = "CLOCK1"
    Info (12134): Parameter "INDATA_ACLR_A" = "NONE"
    Info (12134): Parameter "WRCONTROL_ACLR_A" = "NONE"
Info (12021): Found 1 design units, including 1 entities, in source file db/altsyncram_ohd1.tdf
    Info (12023): Found entity 1: altsyncram_ohd1
Warning (12241): 1 hierarchies have connectivity warnings - see the Connectivity Checks report folder
Info (144001): Generated suppressed messages file C:/Users/Prince/Desktop/ASIC/Lab2/Datapath/Datapath/Datapath.map.smsg
Info (16010): Generating hard_block partition "hard_block:auto_generated_inst"
    Info (16011): Adding 0 node(s), including 0 DDIO, 0 PLL, 0 transceiver and 0 LCELL
Info (21057): Implemented 94 device resources after synthesis - the final resource count might be different
    Info (21058): Implemented 19 input pins
    Info (21059): Implemented 13 output pins
    Info (21061): Implemented 54 logic cells
    Info (21064): Implemented 8 RAM segments
Info: Quartus II 64-Bit Analysis & Synthesis was successful. 0 errors, 3 warnings
    Info: Peak virtual memory: 509 megabytes
    Info: Processing ended: Sun Dec 13 11:00:18 2015
    Info: Elapsed time: 00:00:07
    Info: Total CPU time (on all processors): 00:00:02


+------------------------------------------+
; Analysis & Synthesis Suppressed Messages ;
+------------------------------------------+
The suppressed messages can be found in C:/Users/Prince/Desktop/ASIC/Lab2/Datapath/Datapath/Datapath.map.smsg.


