Classic Timing Analyzer report for Register
Tue Oct 27 17:44:23 2015
Quartus II Version 9.1 Build 222 10/21/2009 SJ Web Edition


---------------------
; Table of Contents ;
---------------------
  1. Legal Notice
  2. Timing Analyzer Summary
  3. Timing Analyzer Settings
  4. Clock Settings Summary
  5. Parallel Compilation
  6. tsu
  7. tco
  8. th
  9. Timing Analyzer Messages



----------------
; Legal Notice ;
----------------
Copyright (C) 1991-2009 Altera Corporation
Your use of Altera Corporation's design tools, logic functions 
and other software and tools, and its AMPP partner logic 
functions, and any output files from any of the foregoing 
(including device programming or simulation files), and any 
associated documentation or information are expressly subject 
to the terms and conditions of the Altera Program License 
Subscription Agreement, Altera MegaCore Function License 
Agreement, or other applicable license agreement, including, 
without limitation, that your use is for the sole purpose of 
programming logic devices manufactured by Altera and sold by 
Altera or its authorized distributors.  Please refer to the 
applicable agreement for further details.



+---------------------------------------------------------------------------------------------------------------------------------------------+
; Timing Analyzer Summary                                                                                                                     ;
+------------------------------+-------+---------------+-------------+----------------+----------------+------------+----------+--------------+
; Type                         ; Slack ; Required Time ; Actual Time ; From           ; To             ; From Clock ; To Clock ; Failed Paths ;
+------------------------------+-------+---------------+-------------+----------------+----------------+------------+----------+--------------+
; Worst-case tsu               ; N/A   ; None          ; 4.844 ns    ; Input[6]       ; Output[6]~reg0 ; --         ; Clock    ; 0            ;
; Worst-case tco               ; N/A   ; None          ; 10.295 ns   ; Output[0]~reg0 ; Output[0]      ; Clock      ; --       ; 0            ;
; Worst-case th                ; N/A   ; None          ; -2.797 ns   ; Input[0]       ; Output[0]~reg0 ; --         ; Clock    ; 0            ;
; Total number of failed paths ;       ;               ;             ;                ;                ;            ;          ; 0            ;
+------------------------------+-------+---------------+-------------+----------------+----------------+------------+----------+--------------+


+-----------------------------------------------------------------------------------------------------------------------------------------------------+
; Timing Analyzer Settings                                                                                                                            ;
+------------------------------------------------------------------------------------------------------+--------------------+------+----+-------------+
; Option                                                                                               ; Setting            ; From ; To ; Entity Name ;
+------------------------------------------------------------------------------------------------------+--------------------+------+----+-------------+
; Device Name                                                                                          ; EP2C20F484C7       ;      ;    ;             ;
; Timing Models                                                                                        ; Final              ;      ;    ;             ;
; Default hold multicycle                                                                              ; Same as Multicycle ;      ;    ;             ;
; Cut paths between unrelated clock domains                                                            ; On                 ;      ;    ;             ;
; Cut off read during write signal paths                                                               ; On                 ;      ;    ;             ;
; Cut off feedback from I/O pins                                                                       ; On                 ;      ;    ;             ;
; Report Combined Fast/Slow Timing                                                                     ; Off                ;      ;    ;             ;
; Ignore Clock Settings                                                                                ; Off                ;      ;    ;             ;
; Analyze latches as synchronous elements                                                              ; On                 ;      ;    ;             ;
; Enable Recovery/Removal analysis                                                                     ; Off                ;      ;    ;             ;
; Enable Clock Latency                                                                                 ; Off                ;      ;    ;             ;
; Use TimeQuest Timing Analyzer                                                                        ; Off                ;      ;    ;             ;
; Minimum Core Junction Temperature                                                                    ; 0                  ;      ;    ;             ;
; Maximum Core Junction Temperature                                                                    ; 85                 ;      ;    ;             ;
; Number of source nodes to report per destination node                                                ; 10                 ;      ;    ;             ;
; Number of destination nodes to report                                                                ; 10                 ;      ;    ;             ;
; Number of paths to report                                                                            ; 200                ;      ;    ;             ;
; Report Minimum Timing Checks                                                                         ; Off                ;      ;    ;             ;
; Use Fast Timing Models                                                                               ; Off                ;      ;    ;             ;
; Report IO Paths Separately                                                                           ; Off                ;      ;    ;             ;
; Perform Multicorner Analysis                                                                         ; On                 ;      ;    ;             ;
; Reports the worst-case path for each clock domain and analysis                                       ; Off                ;      ;    ;             ;
; Reports worst-case timing paths for each clock domain and analysis                                   ; On                 ;      ;    ;             ;
; Specifies the maximum number of worst-case timing paths to report for each clock domain and analysis ; 100                ;      ;    ;             ;
; Removes common clock path pessimism (CCPP) during slack computation                                  ; Off                ;      ;    ;             ;
; Output I/O Timing Endpoint                                                                           ; Near End           ;      ;    ;             ;
+------------------------------------------------------------------------------------------------------+--------------------+------+----+-------------+


+------------------------------------------------------------------------------------------------------------------------------------------------------------------------------------+
; Clock Settings Summary                                                                                                                                                             ;
+-----------------+--------------------+----------+------------------+---------------+--------------+----------+-----------------------+---------------------+--------+--------------+
; Clock Node Name ; Clock Setting Name ; Type     ; Fmax Requirement ; Early Latency ; Late Latency ; Based on ; Multiply Base Fmax by ; Divide Base Fmax by ; Offset ; Phase offset ;
+-----------------+--------------------+----------+------------------+---------------+--------------+----------+-----------------------+---------------------+--------+--------------+
; Clock           ;                    ; User Pin ; None             ; 0.000 ns      ; 0.000 ns     ; --       ; N/A                   ; N/A                 ; N/A    ;              ;
+-----------------+--------------------+----------+------------------+---------------+--------------+----------+-----------------------+---------------------+--------+--------------+


Parallel compilation was disabled, but you have multiple processors available. Enable parallel compilation to reduce compilation time.
+-------------------------------------+
; Parallel Compilation                ;
+----------------------------+--------+
; Processors                 ; Number ;
+----------------------------+--------+
; Number detected on machine ; 4      ;
; Maximum allowed            ; 1      ;
+----------------------------+--------+


+--------------------------------------------------------------------------+
; tsu                                                                      ;
+-------+--------------+------------+----------+----------------+----------+
; Slack ; Required tsu ; Actual tsu ; From     ; To             ; To Clock ;
+-------+--------------+------------+----------+----------------+----------+
; N/A   ; None         ; 4.844 ns   ; Input[6] ; Output[6]~reg0 ; Clock    ;
; N/A   ; None         ; 4.726 ns   ; Input[1] ; Output[1]~reg0 ; Clock    ;
; N/A   ; None         ; 3.864 ns   ; Load     ; Output[0]~reg0 ; Clock    ;
; N/A   ; None         ; 3.864 ns   ; Load     ; Output[1]~reg0 ; Clock    ;
; N/A   ; None         ; 3.864 ns   ; Load     ; Output[2]~reg0 ; Clock    ;
; N/A   ; None         ; 3.864 ns   ; Load     ; Output[3]~reg0 ; Clock    ;
; N/A   ; None         ; 3.864 ns   ; Load     ; Output[4]~reg0 ; Clock    ;
; N/A   ; None         ; 3.864 ns   ; Load     ; Output[5]~reg0 ; Clock    ;
; N/A   ; None         ; 3.864 ns   ; Load     ; Output[6]~reg0 ; Clock    ;
; N/A   ; None         ; 3.864 ns   ; Load     ; Output[7]~reg0 ; Clock    ;
; N/A   ; None         ; 3.748 ns   ; Input[3] ; Output[3]~reg0 ; Clock    ;
; N/A   ; None         ; 3.558 ns   ; Input[4] ; Output[4]~reg0 ; Clock    ;
; N/A   ; None         ; 3.459 ns   ; Input[5] ; Output[5]~reg0 ; Clock    ;
; N/A   ; None         ; 3.070 ns   ; Input[7] ; Output[7]~reg0 ; Clock    ;
; N/A   ; None         ; 3.059 ns   ; Input[2] ; Output[2]~reg0 ; Clock    ;
; N/A   ; None         ; 3.045 ns   ; Input[0] ; Output[0]~reg0 ; Clock    ;
+-------+--------------+------------+----------+----------------+----------+


+-----------------------------------------------------------------------------+
; tco                                                                         ;
+-------+--------------+------------+----------------+-----------+------------+
; Slack ; Required tco ; Actual tco ; From           ; To        ; From Clock ;
+-------+--------------+------------+----------------+-----------+------------+
; N/A   ; None         ; 10.295 ns  ; Output[0]~reg0 ; Output[0] ; Clock      ;
; N/A   ; None         ; 9.218 ns   ; Output[7]~reg0 ; Output[7] ; Clock      ;
; N/A   ; None         ; 8.108 ns   ; Output[4]~reg0 ; Output[4] ; Clock      ;
; N/A   ; None         ; 7.231 ns   ; Output[1]~reg0 ; Output[1] ; Clock      ;
; N/A   ; None         ; 7.201 ns   ; Output[5]~reg0 ; Output[5] ; Clock      ;
; N/A   ; None         ; 6.981 ns   ; Output[3]~reg0 ; Output[3] ; Clock      ;
; N/A   ; None         ; 6.912 ns   ; Output[6]~reg0 ; Output[6] ; Clock      ;
; N/A   ; None         ; 6.890 ns   ; Output[2]~reg0 ; Output[2] ; Clock      ;
+-------+--------------+------------+----------------+-----------+------------+


+--------------------------------------------------------------------------------+
; th                                                                             ;
+---------------+-------------+-----------+----------+----------------+----------+
; Minimum Slack ; Required th ; Actual th ; From     ; To             ; To Clock ;
+---------------+-------------+-----------+----------+----------------+----------+
; N/A           ; None        ; -2.797 ns ; Input[0] ; Output[0]~reg0 ; Clock    ;
; N/A           ; None        ; -2.811 ns ; Input[2] ; Output[2]~reg0 ; Clock    ;
; N/A           ; None        ; -2.822 ns ; Input[7] ; Output[7]~reg0 ; Clock    ;
; N/A           ; None        ; -3.211 ns ; Input[5] ; Output[5]~reg0 ; Clock    ;
; N/A           ; None        ; -3.310 ns ; Input[4] ; Output[4]~reg0 ; Clock    ;
; N/A           ; None        ; -3.500 ns ; Input[3] ; Output[3]~reg0 ; Clock    ;
; N/A           ; None        ; -3.616 ns ; Load     ; Output[0]~reg0 ; Clock    ;
; N/A           ; None        ; -3.616 ns ; Load     ; Output[1]~reg0 ; Clock    ;
; N/A           ; None        ; -3.616 ns ; Load     ; Output[2]~reg0 ; Clock    ;
; N/A           ; None        ; -3.616 ns ; Load     ; Output[3]~reg0 ; Clock    ;
; N/A           ; None        ; -3.616 ns ; Load     ; Output[4]~reg0 ; Clock    ;
; N/A           ; None        ; -3.616 ns ; Load     ; Output[5]~reg0 ; Clock    ;
; N/A           ; None        ; -3.616 ns ; Load     ; Output[6]~reg0 ; Clock    ;
; N/A           ; None        ; -3.616 ns ; Load     ; Output[7]~reg0 ; Clock    ;
; N/A           ; None        ; -4.478 ns ; Input[1] ; Output[1]~reg0 ; Clock    ;
; N/A           ; None        ; -4.596 ns ; Input[6] ; Output[6]~reg0 ; Clock    ;
+---------------+-------------+-----------+----------+----------------+----------+


+--------------------------+
; Timing Analyzer Messages ;
+--------------------------+
Info: *******************************************************************
Info: Running Quartus II Classic Timing Analyzer
    Info: Version 9.1 Build 222 10/21/2009 SJ Web Edition
    Info: Processing started: Tue Oct 27 17:44:23 2015
Info: Command: quartus_tan --read_settings_files=off --write_settings_files=off Register -c Register --timing_analysis_only
Warning: Found pins functioning as undefined clocks and/or memory enables
    Info: Assuming node "Clock" is an undefined clock
Info: No valid register-to-register data paths exist for clock "Clock"
Info: tsu for register "Output[6]~reg0" (data pin = "Input[6]", clock pin = "Clock") is 4.844 ns
    Info: + Longest pin to register delay is 7.736 ns
        Info: 1: + IC(0.000 ns) + CELL(0.843 ns) = 0.843 ns; Loc. = PIN_Y9; Fanout = 1; PIN Node = 'Input[6]'
        Info: 2: + IC(6.619 ns) + CELL(0.178 ns) = 7.640 ns; Loc. = LCCOMB_X1_Y23_N12; Fanout = 1; COMB Node = 'Output[6]~reg0feeder'
        Info: 3: + IC(0.000 ns) + CELL(0.096 ns) = 7.736 ns; Loc. = LCFF_X1_Y23_N13; Fanout = 1; REG Node = 'Output[6]~reg0'
        Info: Total cell delay = 1.117 ns ( 14.44 % )
        Info: Total interconnect delay = 6.619 ns ( 85.56 % )
    Info: + Micro setup delay of destination is -0.038 ns
    Info: - Shortest clock path from clock "Clock" to destination register is 2.854 ns
        Info: 1: + IC(0.000 ns) + CELL(1.026 ns) = 1.026 ns; Loc. = PIN_M1; Fanout = 1; CLK Node = 'Clock'
        Info: 2: + IC(0.238 ns) + CELL(0.000 ns) = 1.264 ns; Loc. = CLKCTRL_G3; Fanout = 8; COMB Node = 'Clock~clkctrl'
        Info: 3: + IC(0.988 ns) + CELL(0.602 ns) = 2.854 ns; Loc. = LCFF_X1_Y23_N13; Fanout = 1; REG Node = 'Output[6]~reg0'
        Info: Total cell delay = 1.628 ns ( 57.04 % )
        Info: Total interconnect delay = 1.226 ns ( 42.96 % )
Info: tco from clock "Clock" to destination pin "Output[0]" through register "Output[0]~reg0" is 10.295 ns
    Info: + Longest clock path from clock "Clock" to source register is 2.854 ns
        Info: 1: + IC(0.000 ns) + CELL(1.026 ns) = 1.026 ns; Loc. = PIN_M1; Fanout = 1; CLK Node = 'Clock'
        Info: 2: + IC(0.238 ns) + CELL(0.000 ns) = 1.264 ns; Loc. = CLKCTRL_G3; Fanout = 8; COMB Node = 'Clock~clkctrl'
        Info: 3: + IC(0.988 ns) + CELL(0.602 ns) = 2.854 ns; Loc. = LCFF_X1_Y23_N9; Fanout = 1; REG Node = 'Output[0]~reg0'
        Info: Total cell delay = 1.628 ns ( 57.04 % )
        Info: Total interconnect delay = 1.226 ns ( 42.96 % )
    Info: + Micro clock to output delay of source is 0.277 ns
    Info: + Longest register to pin delay is 7.164 ns
        Info: 1: + IC(0.000 ns) + CELL(0.000 ns) = 0.000 ns; Loc. = LCFF_X1_Y23_N9; Fanout = 1; REG Node = 'Output[0]~reg0'
        Info: 2: + IC(4.178 ns) + CELL(2.986 ns) = 7.164 ns; Loc. = PIN_W14; Fanout = 0; PIN Node = 'Output[0]'
        Info: Total cell delay = 2.986 ns ( 41.68 % )
        Info: Total interconnect delay = 4.178 ns ( 58.32 % )
Info: th for register "Output[0]~reg0" (data pin = "Input[0]", clock pin = "Clock") is -2.797 ns
    Info: + Longest clock path from clock "Clock" to destination register is 2.854 ns
        Info: 1: + IC(0.000 ns) + CELL(1.026 ns) = 1.026 ns; Loc. = PIN_M1; Fanout = 1; CLK Node = 'Clock'
        Info: 2: + IC(0.238 ns) + CELL(0.000 ns) = 1.264 ns; Loc. = CLKCTRL_G3; Fanout = 8; COMB Node = 'Clock~clkctrl'
        Info: 3: + IC(0.988 ns) + CELL(0.602 ns) = 2.854 ns; Loc. = LCFF_X1_Y23_N9; Fanout = 1; REG Node = 'Output[0]~reg0'
        Info: Total cell delay = 1.628 ns ( 57.04 % )
        Info: Total interconnect delay = 1.226 ns ( 42.96 % )
    Info: + Micro hold delay of destination is 0.286 ns
    Info: - Shortest pin to register delay is 5.937 ns
        Info: 1: + IC(0.000 ns) + CELL(0.884 ns) = 0.884 ns; Loc. = PIN_C2; Fanout = 1; PIN Node = 'Input[0]'
        Info: 2: + IC(4.779 ns) + CELL(0.178 ns) = 5.841 ns; Loc. = LCCOMB_X1_Y23_N8; Fanout = 1; COMB Node = 'Output[0]~reg0feeder'
        Info: 3: + IC(0.000 ns) + CELL(0.096 ns) = 5.937 ns; Loc. = LCFF_X1_Y23_N9; Fanout = 1; REG Node = 'Output[0]~reg0'
        Info: Total cell delay = 1.158 ns ( 19.50 % )
        Info: Total interconnect delay = 4.779 ns ( 80.50 % )
Info: Quartus II Classic Timing Analyzer was successful. 0 errors, 2 warnings
    Info: Peak virtual memory: 157 megabytes
    Info: Processing ended: Tue Oct 27 17:44:27 2015
    Info: Elapsed time: 00:00:04
    Info: Total CPU time (on all processors): 00:00:00


