Analysis & Synthesis report for Processor
Sun Dec 13 11:48:26 2015
Quartus II 64-Bit Version 13.0.1 Build 232 06/12/2013 Service Pack 1 SJ Web Edition


---------------------
; Table of Contents ;
---------------------
  1. Legal Notice
  2. Analysis & Synthesis Summary
  3. Analysis & Synthesis Settings
  4. Parallel Compilation
  5. Analysis & Synthesis Source Files Read
  6. Analysis & Synthesis Resource Usage Summary
  7. Analysis & Synthesis Resource Utilization by Entity
  8. State Machine - |Processor|ControlUnit:CU|state
  9. Registers Removed During Synthesis
 10. Removed Registers Triggering Further Register Optimizations
 11. General Register Statistics
 12. Multiplexer Restructuring Statistics (Restructuring Performed)
 13. Parameter Settings for User Entity Instance: ControlUnit:CU
 14. Parameter Settings for User Entity Instance: Datapath:DP|InsCycOp:ICO|Register:IR_reg
 15. Parameter Settings for User Entity Instance: Datapath:DP|InsCycOp:ICO|Multiplexer:mux1
 16. Parameter Settings for User Entity Instance: Datapath:DP|InsCycOp:ICO|Increment:Incr
 17. Parameter Settings for User Entity Instance: Datapath:DP|InsCycOp:ICO|Register:PC_reg
 18. Parameter Settings for User Entity Instance: Datapath:DP|InsCycOp:ICO|Multiplexer:mux2
 19. Parameter Settings for User Entity Instance: Datapath:DP|InsSetOp:ISO|Multiplexer:mux3_2
 20. Parameter Settings for User Entity Instance: Datapath:DP|InsSetOp:ISO|Multiplexer:mux3_1
 21. Parameter Settings for User Entity Instance: Datapath:DP|InsSetOp:ISO|Multiplexer:mux3
 22. Parameter Settings for User Entity Instance: Datapath:DP|InsSetOp:ISO|Register:A_reg
 23. Parameter Settings for User Entity Instance: Datapath:DP|InsSetOp:ISO|AddSub:AS
 24. Port Connectivity Checks: "Datapath:DP|InsSetOp:ISO|Multiplexer:mux3_2"
 25. Port Connectivity Checks: "Datapath:DP"
 26. Port Connectivity Checks: "ControlUnit:CU"
 27. Elapsed Time Per Partition
 28. Analysis & Synthesis Messages
 29. Analysis & Synthesis Suppressed Messages



----------------
; Legal Notice ;
----------------
Copyright (C) 1991-2013 Altera Corporation
Your use of Altera Corporation's design tools, logic functions 
and other software and tools, and its AMPP partner logic 
functions, and any output files from any of the foregoing 
(including device programming or simulation files), and any 
associated documentation or information are expressly subject 
to the terms and conditions of the Altera Program License 
Subscription Agreement, Altera MegaCore Function License 
Agreement, or other applicable license agreement, including, 
without limitation, that your use is for the sole purpose of 
programming logic devices manufactured by Altera and sold by 
Altera or its authorized distributors.  Please refer to the 
applicable agreement for further details.



+--------------------------------------------------------------------------------------+
; Analysis & Synthesis Summary                                                         ;
+------------------------------------+-------------------------------------------------+
; Analysis & Synthesis Status        ; Successful - Sun Dec 13 11:48:26 2015           ;
; Quartus II 64-Bit Version          ; 13.0.1 Build 232 06/12/2013 SP 1 SJ Web Edition ;
; Revision Name                      ; Processor                                       ;
; Top-level Entity Name              ; Processor                                       ;
; Family                             ; Cyclone II                                      ;
; Total logic elements               ; 0                                               ;
;     Total combinational functions  ; 0                                               ;
;     Dedicated logic registers      ; 0                                               ;
; Total registers                    ; 0                                               ;
; Total pins                         ; 20                                              ;
; Total virtual pins                 ; 0                                               ;
; Total memory bits                  ; 0                                               ;
; Embedded Multiplier 9-bit elements ; 0                                               ;
; Total PLLs                         ; 0                                               ;
+------------------------------------+-------------------------------------------------+


+----------------------------------------------------------------------------------------------------------------------+
; Analysis & Synthesis Settings                                                                                        ;
+----------------------------------------------------------------------------+--------------------+--------------------+
; Option                                                                     ; Setting            ; Default Value      ;
+----------------------------------------------------------------------------+--------------------+--------------------+
; Device                                                                     ; EP2C20F484C7       ;                    ;
; Top-level entity name                                                      ; Processor          ; Processor          ;
; Family name                                                                ; Cyclone II         ; Cyclone IV GX      ;
; Use smart compilation                                                      ; Off                ; Off                ;
; Enable parallel Assembler and TimeQuest Timing Analyzer during compilation ; On                 ; On                 ;
; Enable compact report table                                                ; Off                ; Off                ;
; Restructure Multiplexers                                                   ; Auto               ; Auto               ;
; Create Debugging Nodes for IP Cores                                        ; Off                ; Off                ;
; Preserve fewer node names                                                  ; On                 ; On                 ;
; Disable OpenCore Plus hardware evaluation                                  ; Off                ; Off                ;
; Verilog Version                                                            ; Verilog_2001       ; Verilog_2001       ;
; VHDL Version                                                               ; VHDL_1993          ; VHDL_1993          ;
; State Machine Processing                                                   ; Auto               ; Auto               ;
; Safe State Machine                                                         ; Off                ; Off                ;
; Extract Verilog State Machines                                             ; On                 ; On                 ;
; Extract VHDL State Machines                                                ; On                 ; On                 ;
; Ignore Verilog initial constructs                                          ; Off                ; Off                ;
; Iteration limit for constant Verilog loops                                 ; 5000               ; 5000               ;
; Iteration limit for non-constant Verilog loops                             ; 250                ; 250                ;
; Add Pass-Through Logic to Inferred RAMs                                    ; On                 ; On                 ;
; Infer RAMs from Raw Logic                                                  ; On                 ; On                 ;
; Parallel Synthesis                                                         ; On                 ; On                 ;
; DSP Block Balancing                                                        ; Auto               ; Auto               ;
; NOT Gate Push-Back                                                         ; On                 ; On                 ;
; Power-Up Don't Care                                                        ; On                 ; On                 ;
; Remove Redundant Logic Cells                                               ; Off                ; Off                ;
; Remove Duplicate Registers                                                 ; On                 ; On                 ;
; Ignore CARRY Buffers                                                       ; Off                ; Off                ;
; Ignore CASCADE Buffers                                                     ; Off                ; Off                ;
; Ignore GLOBAL Buffers                                                      ; Off                ; Off                ;
; Ignore ROW GLOBAL Buffers                                                  ; Off                ; Off                ;
; Ignore LCELL Buffers                                                       ; Off                ; Off                ;
; Ignore SOFT Buffers                                                        ; On                 ; On                 ;
; Limit AHDL Integers to 32 Bits                                             ; Off                ; Off                ;
; Optimization Technique                                                     ; Balanced           ; Balanced           ;
; Carry Chain Length                                                         ; 70                 ; 70                 ;
; Auto Carry Chains                                                          ; On                 ; On                 ;
; Auto Open-Drain Pins                                                       ; On                 ; On                 ;
; Perform WYSIWYG Primitive Resynthesis                                      ; Off                ; Off                ;
; Auto ROM Replacement                                                       ; On                 ; On                 ;
; Auto RAM Replacement                                                       ; On                 ; On                 ;
; Auto Shift Register Replacement                                            ; Auto               ; Auto               ;
; Allow Shift Register Merging across Hierarchies                            ; Auto               ; Auto               ;
; Auto Clock Enable Replacement                                              ; On                 ; On                 ;
; Strict RAM Replacement                                                     ; Off                ; Off                ;
; Allow Synchronous Control Signals                                          ; On                 ; On                 ;
; Force Use of Synchronous Clear Signals                                     ; Off                ; Off                ;
; Auto RAM to Logic Cell Conversion                                          ; Off                ; Off                ;
; Auto Resource Sharing                                                      ; Off                ; Off                ;
; Allow Any RAM Size For Recognition                                         ; Off                ; Off                ;
; Allow Any ROM Size For Recognition                                         ; Off                ; Off                ;
; Allow Any Shift Register Size For Recognition                              ; Off                ; Off                ;
; Use LogicLock Constraints during Resource Balancing                        ; On                 ; On                 ;
; Ignore translate_off and synthesis_off directives                          ; Off                ; Off                ;
; Timing-Driven Synthesis                                                    ; Off                ; Off                ;
; Report Parameter Settings                                                  ; On                 ; On                 ;
; Report Source Assignments                                                  ; On                 ; On                 ;
; Report Connectivity Checks                                                 ; On                 ; On                 ;
; Ignore Maximum Fan-Out Assignments                                         ; Off                ; Off                ;
; Synchronization Register Chain Length                                      ; 2                  ; 2                  ;
; PowerPlay Power Optimization                                               ; Normal compilation ; Normal compilation ;
; HDL message level                                                          ; Level2             ; Level2             ;
; Suppress Register Optimization Related Messages                            ; Off                ; Off                ;
; Number of Removed Registers Reported in Synthesis Report                   ; 5000               ; 5000               ;
; Number of Swept Nodes Reported in Synthesis Report                         ; 5000               ; 5000               ;
; Number of Inverted Registers Reported in Synthesis Report                  ; 100                ; 100                ;
; Clock MUX Protection                                                       ; On                 ; On                 ;
; Auto Gated Clock Conversion                                                ; Off                ; Off                ;
; Block Design Naming                                                        ; Auto               ; Auto               ;
; SDC constraint protection                                                  ; Off                ; Off                ;
; Synthesis Effort                                                           ; Auto               ; Auto               ;
; Shift Register Replacement - Allow Asynchronous Clear Signal               ; On                 ; On                 ;
; Pre-Mapping Resynthesis Optimization                                       ; Off                ; Off                ;
; Analysis & Synthesis Message Level                                         ; Medium             ; Medium             ;
; Disable Register Merging Across Hierarchies                                ; Auto               ; Auto               ;
; Resource Aware Inference For Block RAM                                     ; On                 ; On                 ;
; Synthesis Seed                                                             ; 1                  ; 1                  ;
+----------------------------------------------------------------------------+--------------------+--------------------+


+------------------------------------------+
; Parallel Compilation                     ;
+----------------------------+-------------+
; Processors                 ; Number      ;
+----------------------------+-------------+
; Number detected on machine ; 4           ;
; Maximum allowed            ; 2           ;
;                            ;             ;
; Average used               ; 1.00        ;
; Maximum used               ; 1           ;
;                            ;             ;
; Usage by Processor         ; % Time Used ;
;     Processor 1            ; 100.0%      ;
;     Processors 2-4         ;   0.0%      ;
+----------------------------+-------------+


+---------------------------------------------------------------------------------------------------------------------------------------------------+
; Analysis & Synthesis Source Files Read                                                                                                            ;
+----------------------------------+-----------------+------------------------+-----------------------------------------------------------+---------+
; File Name with User-Entered Path ; Used in Netlist ; File Type              ; File Name with Absolute Path                              ; Library ;
+----------------------------------+-----------------+------------------------+-----------------------------------------------------------+---------+
; Register.v                       ; yes             ; User Verilog HDL File  ; C:/Users/Prince/Desktop/ASIC/Lab2/Processor/Register.v    ;         ;
; Multiplexer.v                    ; yes             ; User Verilog HDL File  ; C:/Users/Prince/Desktop/ASIC/Lab2/Processor/Multiplexer.v ;         ;
; MemoryRam.v                      ; yes             ; User Verilog HDL File  ; C:/Users/Prince/Desktop/ASIC/Lab2/Processor/MemoryRam.v   ;         ;
; InsSetOp.v                       ; yes             ; User Verilog HDL File  ; C:/Users/Prince/Desktop/ASIC/Lab2/Processor/InsSetOp.v    ;         ;
; InsCycOp.v                       ; yes             ; User Verilog HDL File  ; C:/Users/Prince/Desktop/ASIC/Lab2/Processor/InsCycOp.v    ;         ;
; Increment.v                      ; yes             ; User Verilog HDL File  ; C:/Users/Prince/Desktop/ASIC/Lab2/Processor/Increment.v   ;         ;
; Datapath.v                       ; yes             ; User Verilog HDL File  ; C:/Users/Prince/Desktop/ASIC/Lab2/Processor/Datapath.v    ;         ;
; ControlUnit.v                    ; yes             ; User Verilog HDL File  ; C:/Users/Prince/Desktop/ASIC/Lab2/Processor/ControlUnit.v ;         ;
; AddSub.v                         ; yes             ; User Verilog HDL File  ; C:/Users/Prince/Desktop/ASIC/Lab2/Processor/AddSub.v      ;         ;
; Processor.v                      ; yes             ; User Verilog HDL File  ; C:/Users/Prince/Desktop/ASIC/Lab2/Processor/Processor.v   ;         ;
+----------------------------------+-----------------+------------------------+-----------------------------------------------------------+---------+


+-----------------------------------------------------+
; Analysis & Synthesis Resource Usage Summary         ;
+---------------------------------------------+-------+
; Resource                                    ; Usage ;
+---------------------------------------------+-------+
;                                             ;       ;
; Total combinational functions               ; 0     ;
; Logic element usage by number of LUT inputs ;       ;
;     -- 4 input functions                    ; 0     ;
;     -- 3 input functions                    ; 0     ;
;     -- <=2 input functions                  ; 0     ;
;                                             ;       ;
; Logic elements by mode                      ;       ;
;     -- normal mode                          ; 0     ;
;     -- arithmetic mode                      ; 0     ;
;                                             ;       ;
; Total registers                             ; 0     ;
;     -- Dedicated logic registers            ; 0     ;
;     -- I/O registers                        ; 0     ;
;                                             ;       ;
; I/O pins                                    ; 20    ;
; Embedded Multiplier 9-bit elements          ; 0     ;
+---------------------------------------------+-------+


+-----------------------------------------------------------------------------------------------------------------------------------------------------------------------------+
; Analysis & Synthesis Resource Utilization by Entity                                                                                                                         ;
+----------------------------+-------------------+--------------+-------------+--------------+---------+-----------+------+--------------+---------------------+--------------+
; Compilation Hierarchy Node ; LC Combinationals ; LC Registers ; Memory Bits ; DSP Elements ; DSP 9x9 ; DSP 18x18 ; Pins ; Virtual Pins ; Full Hierarchy Name ; Library Name ;
+----------------------------+-------------------+--------------+-------------+--------------+---------+-----------+------+--------------+---------------------+--------------+
; |Processor                 ; 0 (0)             ; 0 (0)        ; 0           ; 0            ; 0       ; 0         ; 20   ; 0            ; |Processor          ; work         ;
+----------------------------+-------------------+--------------+-------------+--------------+---------+-----------+------+--------------+---------------------+--------------+
Note: For table entries with two numbers listed, the numbers in parentheses indicate the number of resources of the given type used by the specific entity alone. The numbers listed outside of parentheses indicate the total resources of the given type used by the specific entity and all of its sub-entities in the hierarchy.


Encoding Type:  One-Hot
+---------------------------------------------------------------------------------------------------------------------------------------------------------------+
; State Machine - |Processor|ControlUnit:CU|state                                                                                                               ;
+--------------+------------+------------+----------+-------------+-----------+-----------+-------------+------------+--------------+-------------+-------------+
; Name         ; state.halt ; state.jpos ; state.jz ; state.Input ; state.sub ; state.add ; state.store ; state.load ; state.decode ; state.fetch ; state.start ;
+--------------+------------+------------+----------+-------------+-----------+-----------+-------------+------------+--------------+-------------+-------------+
; state.start  ; 0          ; 0          ; 0        ; 0           ; 0         ; 0         ; 0           ; 0          ; 0            ; 0           ; 0           ;
; state.fetch  ; 0          ; 0          ; 0        ; 0           ; 0         ; 0         ; 0           ; 0          ; 0            ; 1           ; 1           ;
; state.decode ; 0          ; 0          ; 0        ; 0           ; 0         ; 0         ; 0           ; 0          ; 1            ; 0           ; 1           ;
; state.load   ; 0          ; 0          ; 0        ; 0           ; 0         ; 0         ; 0           ; 1          ; 0            ; 0           ; 1           ;
; state.store  ; 0          ; 0          ; 0        ; 0           ; 0         ; 0         ; 1           ; 0          ; 0            ; 0           ; 1           ;
; state.add    ; 0          ; 0          ; 0        ; 0           ; 0         ; 1         ; 0           ; 0          ; 0            ; 0           ; 1           ;
; state.sub    ; 0          ; 0          ; 0        ; 0           ; 1         ; 0         ; 0           ; 0          ; 0            ; 0           ; 1           ;
; state.Input  ; 0          ; 0          ; 0        ; 1           ; 0         ; 0         ; 0           ; 0          ; 0            ; 0           ; 1           ;
; state.jz     ; 0          ; 0          ; 1        ; 0           ; 0         ; 0         ; 0           ; 0          ; 0            ; 0           ; 1           ;
; state.jpos   ; 0          ; 1          ; 0        ; 0           ; 0         ; 0         ; 0           ; 0          ; 0            ; 0           ; 1           ;
; state.halt   ; 1          ; 0          ; 0        ; 0           ; 0         ; 0         ; 0           ; 0          ; 0            ; 0           ; 1           ;
+--------------+------------+------------+----------+-------------+-----------+-----------+-------------+------------+--------------+-------------+-------------+


+------------------------------------------------------------------------------------------------+
; Registers Removed During Synthesis                                                             ;
+-------------------------------------------------------+----------------------------------------+
; Register name                                         ; Reason for Removal                     ;
+-------------------------------------------------------+----------------------------------------+
; Datapath:DP|MemoryRam:RAM|oDat[0..7]                  ; Stuck at GND due to stuck port data_in ;
; Datapath:DP|InsCycOp:ICO|Register:IR_reg|Output[0..4] ; Stuck at GND due to stuck port data_in ;
; ControlUnit:CU|state.store                            ; Lost fanout                            ;
; ControlUnit:CU|state.jz                               ; Lost fanout                            ;
; ControlUnit:CU|state.jpos                             ; Lost fanout                            ;
; ControlUnit:CU|state.add                              ; Lost fanout                            ;
; ControlUnit:CU|state.sub                              ; Lost fanout                            ;
; ControlUnit:CU|state~4                                ; Lost fanout                            ;
; ControlUnit:CU|state~5                                ; Lost fanout                            ;
; ControlUnit:CU|state~6                                ; Lost fanout                            ;
; ControlUnit:CU|state~7                                ; Lost fanout                            ;
; ControlUnit:CU|state.halt                             ; Stuck at GND due to stuck port data_in ;
; ControlUnit:CU|state.Input                            ; Stuck at GND due to stuck port data_in ;
; Datapath:DP|InsSetOp:ISO|Register:A_reg|Output[0..7]  ; Stuck at GND due to stuck port data_in ;
; ControlUnit:CU|state.load                             ; Lost fanout                            ;
; ControlUnit:CU|state.decode                           ; Lost fanout                            ;
; ControlUnit:CU|state.fetch                            ; Lost fanout                            ;
; ControlUnit:CU|state.start                            ; Lost fanout                            ;
; Total Number of Removed Registers = 36                ;                                        ;
+-------------------------------------------------------+----------------------------------------+


+---------------------------------------------------------------------------------------------------------------------+
; Removed Registers Triggering Further Register Optimizations                                                         ;
+-----------------------------------+---------------------------+-----------------------------------------------------+
; Register name                     ; Reason for Removal        ; Registers Removed due to This Register              ;
+-----------------------------------+---------------------------+-----------------------------------------------------+
; Datapath:DP|MemoryRam:RAM|oDat[1] ; Stuck at GND              ; Datapath:DP|InsCycOp:ICO|Register:IR_reg|Output[1], ;
;                                   ; due to stuck port data_in ; Datapath:DP|InsSetOp:ISO|Register:A_reg|Output[1]   ;
; Datapath:DP|MemoryRam:RAM|oDat[0] ; Stuck at GND              ; Datapath:DP|InsCycOp:ICO|Register:IR_reg|Output[0], ;
;                                   ; due to stuck port data_in ; Datapath:DP|InsSetOp:ISO|Register:A_reg|Output[0]   ;
; Datapath:DP|MemoryRam:RAM|oDat[2] ; Stuck at GND              ; Datapath:DP|InsCycOp:ICO|Register:IR_reg|Output[2], ;
;                                   ; due to stuck port data_in ; Datapath:DP|InsSetOp:ISO|Register:A_reg|Output[2]   ;
; Datapath:DP|MemoryRam:RAM|oDat[3] ; Stuck at GND              ; Datapath:DP|InsCycOp:ICO|Register:IR_reg|Output[3], ;
;                                   ; due to stuck port data_in ; Datapath:DP|InsSetOp:ISO|Register:A_reg|Output[3]   ;
; Datapath:DP|MemoryRam:RAM|oDat[4] ; Stuck at GND              ; Datapath:DP|InsCycOp:ICO|Register:IR_reg|Output[4], ;
;                                   ; due to stuck port data_in ; Datapath:DP|InsSetOp:ISO|Register:A_reg|Output[4]   ;
; Datapath:DP|MemoryRam:RAM|oDat[5] ; Stuck at GND              ; Datapath:DP|InsSetOp:ISO|Register:A_reg|Output[5]   ;
;                                   ; due to stuck port data_in ;                                                     ;
; Datapath:DP|MemoryRam:RAM|oDat[6] ; Stuck at GND              ; Datapath:DP|InsSetOp:ISO|Register:A_reg|Output[6]   ;
;                                   ; due to stuck port data_in ;                                                     ;
; Datapath:DP|MemoryRam:RAM|oDat[7] ; Stuck at GND              ; Datapath:DP|InsSetOp:ISO|Register:A_reg|Output[7]   ;
;                                   ; due to stuck port data_in ;                                                     ;
; ControlUnit:CU|state~4            ; Lost Fanouts              ; ControlUnit:CU|state.start                          ;
; ControlUnit:CU|state~5            ; Lost Fanouts              ; ControlUnit:CU|state.fetch                          ;
; ControlUnit:CU|state.halt         ; Stuck at GND              ; ControlUnit:CU|state.decode                         ;
;                                   ; due to stuck port data_in ;                                                     ;
; ControlUnit:CU|state.Input        ; Stuck at GND              ; ControlUnit:CU|state.load                           ;
;                                   ; due to stuck port data_in ;                                                     ;
+-----------------------------------+---------------------------+-----------------------------------------------------+


+------------------------------------------------------+
; General Register Statistics                          ;
+----------------------------------------------+-------+
; Statistic                                    ; Value ;
+----------------------------------------------+-------+
; Total registers                              ; 0     ;
; Number of registers using Synchronous Clear  ; 0     ;
; Number of registers using Synchronous Load   ; 0     ;
; Number of registers using Asynchronous Clear ; 0     ;
; Number of registers using Asynchronous Load  ; 0     ;
; Number of registers using Clock Enable       ; 0     ;
; Number of registers using Preset             ; 0     ;
+----------------------------------------------+-------+


+----------------------------------------------------------------------------------------------------------------------------------------------------------------------------+
; Multiplexer Restructuring Statistics (Restructuring Performed)                                                                                                             ;
+--------------------+-----------+---------------+----------------------+------------------------+------------+--------------------------------------------------------------+
; Multiplexer Inputs ; Bus Width ; Baseline Area ; Area if Restructured ; Saving if Restructured ; Registered ; Example Multiplexer Output                                   ;
+--------------------+-----------+---------------+----------------------+------------------------+------------+--------------------------------------------------------------+
; 3:1                ; 8 bits    ; 16 LEs        ; 8 LEs                ; 8 LEs                  ; Yes        ; |Processor|Datapath:DP|InsSetOp:ISO|Register:A_reg|Output[0] ;
+--------------------+-----------+---------------+----------------------+------------------------+------------+--------------------------------------------------------------+


+-------------------------------------------------------------+
; Parameter Settings for User Entity Instance: ControlUnit:CU ;
+----------------+-------+------------------------------------+
; Parameter Name ; Value ; Type                               ;
+----------------+-------+------------------------------------+
; start          ; 0000  ; Unsigned Binary                    ;
; fetch          ; 0001  ; Unsigned Binary                    ;
; decode         ; 0010  ; Unsigned Binary                    ;
; load           ; 1000  ; Unsigned Binary                    ;
; store          ; 1001  ; Unsigned Binary                    ;
; add            ; 1010  ; Unsigned Binary                    ;
; sub            ; 1011  ; Unsigned Binary                    ;
; Input          ; 1100  ; Unsigned Binary                    ;
; jz             ; 1101  ; Unsigned Binary                    ;
; jpos           ; 1110  ; Unsigned Binary                    ;
; halt           ; 1111  ; Unsigned Binary                    ;
+----------------+-------+------------------------------------+
Note: In order to hide this table in the UI and the text report file, please set the "Show Parameter Settings in Synthesis Report" option in "Analysis and Synthesis Settings -> More Settings" to "Off".


+---------------------------------------------------------------------------------------+
; Parameter Settings for User Entity Instance: Datapath:DP|InsCycOp:ICO|Register:IR_reg ;
+----------------+-------+--------------------------------------------------------------+
; Parameter Name ; Value ; Type                                                         ;
+----------------+-------+--------------------------------------------------------------+
; width          ; 8     ; Signed Integer                                               ;
+----------------+-------+--------------------------------------------------------------+
Note: In order to hide this table in the UI and the text report file, please set the "Show Parameter Settings in Synthesis Report" option in "Analysis and Synthesis Settings -> More Settings" to "Off".


+----------------------------------------------------------------------------------------+
; Parameter Settings for User Entity Instance: Datapath:DP|InsCycOp:ICO|Multiplexer:mux1 ;
+----------------+-------+---------------------------------------------------------------+
; Parameter Name ; Value ; Type                                                          ;
+----------------+-------+---------------------------------------------------------------+
; width          ; 5     ; Signed Integer                                                ;
; sel            ; 1     ; Signed Integer                                                ;
+----------------+-------+---------------------------------------------------------------+
Note: In order to hide this table in the UI and the text report file, please set the "Show Parameter Settings in Synthesis Report" option in "Analysis and Synthesis Settings -> More Settings" to "Off".


+--------------------------------------------------------------------------------------+
; Parameter Settings for User Entity Instance: Datapath:DP|InsCycOp:ICO|Increment:Incr ;
+----------------+-------+-------------------------------------------------------------+
; Parameter Name ; Value ; Type                                                        ;
+----------------+-------+-------------------------------------------------------------+
; width          ; 5     ; Signed Integer                                              ;
+----------------+-------+-------------------------------------------------------------+
Note: In order to hide this table in the UI and the text report file, please set the "Show Parameter Settings in Synthesis Report" option in "Analysis and Synthesis Settings -> More Settings" to "Off".


+---------------------------------------------------------------------------------------+
; Parameter Settings for User Entity Instance: Datapath:DP|InsCycOp:ICO|Register:PC_reg ;
+----------------+-------+--------------------------------------------------------------+
; Parameter Name ; Value ; Type                                                         ;
+----------------+-------+--------------------------------------------------------------+
; width          ; 5     ; Signed Integer                                               ;
+----------------+-------+--------------------------------------------------------------+
Note: In order to hide this table in the UI and the text report file, please set the "Show Parameter Settings in Synthesis Report" option in "Analysis and Synthesis Settings -> More Settings" to "Off".


+----------------------------------------------------------------------------------------+
; Parameter Settings for User Entity Instance: Datapath:DP|InsCycOp:ICO|Multiplexer:mux2 ;
+----------------+-------+---------------------------------------------------------------+
; Parameter Name ; Value ; Type                                                          ;
+----------------+-------+---------------------------------------------------------------+
; width          ; 5     ; Signed Integer                                                ;
; sel            ; 1     ; Signed Integer                                                ;
+----------------+-------+---------------------------------------------------------------+
Note: In order to hide this table in the UI and the text report file, please set the "Show Parameter Settings in Synthesis Report" option in "Analysis and Synthesis Settings -> More Settings" to "Off".


+------------------------------------------------------------------------------------------+
; Parameter Settings for User Entity Instance: Datapath:DP|InsSetOp:ISO|Multiplexer:mux3_2 ;
+----------------+-------+-----------------------------------------------------------------+
; Parameter Name ; Value ; Type                                                            ;
+----------------+-------+-----------------------------------------------------------------+
; width          ; 8     ; Signed Integer                                                  ;
; sel            ; 1     ; Signed Integer                                                  ;
+----------------+-------+-----------------------------------------------------------------+
Note: In order to hide this table in the UI and the text report file, please set the "Show Parameter Settings in Synthesis Report" option in "Analysis and Synthesis Settings -> More Settings" to "Off".


+------------------------------------------------------------------------------------------+
; Parameter Settings for User Entity Instance: Datapath:DP|InsSetOp:ISO|Multiplexer:mux3_1 ;
+----------------+-------+-----------------------------------------------------------------+
; Parameter Name ; Value ; Type                                                            ;
+----------------+-------+-----------------------------------------------------------------+
; width          ; 8     ; Signed Integer                                                  ;
; sel            ; 1     ; Signed Integer                                                  ;
+----------------+-------+-----------------------------------------------------------------+
Note: In order to hide this table in the UI and the text report file, please set the "Show Parameter Settings in Synthesis Report" option in "Analysis and Synthesis Settings -> More Settings" to "Off".


+----------------------------------------------------------------------------------------+
; Parameter Settings for User Entity Instance: Datapath:DP|InsSetOp:ISO|Multiplexer:mux3 ;
+----------------+-------+---------------------------------------------------------------+
; Parameter Name ; Value ; Type                                                          ;
+----------------+-------+---------------------------------------------------------------+
; width          ; 8     ; Signed Integer                                                ;
; sel            ; 1     ; Signed Integer                                                ;
+----------------+-------+---------------------------------------------------------------+
Note: In order to hide this table in the UI and the text report file, please set the "Show Parameter Settings in Synthesis Report" option in "Analysis and Synthesis Settings -> More Settings" to "Off".


+--------------------------------------------------------------------------------------+
; Parameter Settings for User Entity Instance: Datapath:DP|InsSetOp:ISO|Register:A_reg ;
+----------------+-------+-------------------------------------------------------------+
; Parameter Name ; Value ; Type                                                        ;
+----------------+-------+-------------------------------------------------------------+
; width          ; 8     ; Signed Integer                                              ;
+----------------+-------+-------------------------------------------------------------+
Note: In order to hide this table in the UI and the text report file, please set the "Show Parameter Settings in Synthesis Report" option in "Analysis and Synthesis Settings -> More Settings" to "Off".


+---------------------------------------------------------------------------------+
; Parameter Settings for User Entity Instance: Datapath:DP|InsSetOp:ISO|AddSub:AS ;
+----------------+-------+--------------------------------------------------------+
; Parameter Name ; Value ; Type                                                   ;
+----------------+-------+--------------------------------------------------------+
; width          ; 8     ; Signed Integer                                         ;
+----------------+-------+--------------------------------------------------------+
Note: In order to hide this table in the UI and the text report file, please set the "Show Parameter Settings in Synthesis Report" option in "Analysis and Synthesis Settings -> More Settings" to "Off".


+---------------------------------------------------------------------------------------------------------------------------------------------------------------------------------------------------------------------+
; Port Connectivity Checks: "Datapath:DP|InsSetOp:ISO|Multiplexer:mux3_2"                                                                                                                                             ;
+-------------+-------+----------+------------------------------------------------------------------------------------------------------------------------------------------------------------------------------------+
; Port        ; Type  ; Severity ; Details                                                                                                                                                                            ;
+-------------+-------+----------+------------------------------------------------------------------------------------------------------------------------------------------------------------------------------------+
; iDat1       ; Input ; Warning  ; Input port expression (32 bits) is wider than the input port (8 bits) it drives.  The 24 most-significant bit(s) in the expression will be dangling if they have no other fanouts. ;
; iDat1[7..0] ; Input ; Info     ; Stuck at GND                                                                                                                                                                       ;
+-------------+-------+----------+------------------------------------------------------------------------------------------------------------------------------------------------------------------------------------+


+----------------------------------------------------------------------------------------------------------------+
; Port Connectivity Checks: "Datapath:DP"                                                                        ;
+------+--------+----------+-------------------------------------------------------------------------------------+
; Port ; Type   ; Severity ; Details                                                                             ;
+------+--------+----------+-------------------------------------------------------------------------------------+
; IR   ; Output ; Info     ; Connected to dangling logic. Logic that only feeds a dangling port will be removed. ;
+------+--------+----------+-------------------------------------------------------------------------------------+


+------------------------------------------------------------------------------------------------------------------------------------------------------------------------+
; Port Connectivity Checks: "ControlUnit:CU"                                                                                                                             ;
+------+-------+----------+----------------------------------------------------------------------------------------------------------------------------------------------+
; Port ; Type  ; Severity ; Details                                                                                                                                      ;
+------+-------+----------+----------------------------------------------------------------------------------------------------------------------------------------------+
; IR   ; Input ; Warning  ; Declared by entity but not connected by instance. If a default value exists, it will be used.  Otherwise, the port will be connected to GND. ;
+------+-------+----------+----------------------------------------------------------------------------------------------------------------------------------------------+


+-------------------------------+
; Elapsed Time Per Partition    ;
+----------------+--------------+
; Partition Name ; Elapsed Time ;
+----------------+--------------+
; Top            ; 00:00:00     ;
+----------------+--------------+


+-------------------------------+
; Analysis & Synthesis Messages ;
+-------------------------------+
Info: *******************************************************************
Info: Running Quartus II 64-Bit Analysis & Synthesis
    Info: Version 13.0.1 Build 232 06/12/2013 Service Pack 1 SJ Web Edition
    Info: Processing started: Sun Dec 13 11:48:25 2015
Info: Command: quartus_map --read_settings_files=on --write_settings_files=off Processor -c Processor
Info (11104): Parallel Compilation has detected 4 hyper-threaded processors. However, the extra hyper-threaded processors will not be used by default. Parallel Compilation will use 2 of the 2 physical processors detected instead.
Info (12021): Found 1 design units, including 1 entities, in source file register.v
    Info (12023): Found entity 1: Register
Info (12021): Found 1 design units, including 1 entities, in source file multiplexer.v
    Info (12023): Found entity 1: Multiplexer
Info (12021): Found 1 design units, including 1 entities, in source file memoryram.v
    Info (12023): Found entity 1: MemoryRam
Info (12021): Found 1 design units, including 1 entities, in source file inssetop.v
    Info (12023): Found entity 1: InsSetOp
Info (12021): Found 1 design units, including 1 entities, in source file inscycop.v
    Info (12023): Found entity 1: InsCycOp
Info (12021): Found 1 design units, including 1 entities, in source file increment.v
    Info (12023): Found entity 1: Increment
Info (12021): Found 1 design units, including 1 entities, in source file datapath.v
    Info (12023): Found entity 1: Datapath
Info (12021): Found 1 design units, including 1 entities, in source file controlunit.v
    Info (12023): Found entity 1: ControlUnit
Info (12021): Found 1 design units, including 1 entities, in source file addsub.v
    Info (12023): Found entity 1: AddSub
Info (12021): Found 1 design units, including 1 entities, in source file processor.v
    Info (12023): Found entity 1: Processor
Info (12127): Elaborating entity "Processor" for the top level hierarchy
Info (12128): Elaborating entity "ControlUnit" for hierarchy "ControlUnit:CU"
Info (12128): Elaborating entity "Datapath" for hierarchy "Datapath:DP"
Info (12128): Elaborating entity "InsCycOp" for hierarchy "Datapath:DP|InsCycOp:ICO"
Info (12128): Elaborating entity "Register" for hierarchy "Datapath:DP|InsCycOp:ICO|Register:IR_reg"
Info (12128): Elaborating entity "Multiplexer" for hierarchy "Datapath:DP|InsCycOp:ICO|Multiplexer:mux1"
Info (12128): Elaborating entity "Increment" for hierarchy "Datapath:DP|InsCycOp:ICO|Increment:Incr"
Warning (10230): Verilog HDL assignment warning at Increment.v(8): truncated value with size 32 to match size of target (5)
Info (12128): Elaborating entity "Register" for hierarchy "Datapath:DP|InsCycOp:ICO|Register:PC_reg"
Info (12128): Elaborating entity "MemoryRam" for hierarchy "Datapath:DP|MemoryRam:RAM"
Info (12128): Elaborating entity "InsSetOp" for hierarchy "Datapath:DP|InsSetOp:ISO"
Info (12128): Elaborating entity "Multiplexer" for hierarchy "Datapath:DP|InsSetOp:ISO|Multiplexer:mux3_2"
Info (12128): Elaborating entity "AddSub" for hierarchy "Datapath:DP|InsSetOp:ISO|AddSub:AS"
Warning (12241): 2 hierarchies have connectivity warnings - see the Connectivity Checks report folder
Warning (13024): Output pins are stuck at VCC or GND
    Warning (13410): Pin "Halt" is stuck at GND
    Warning (13410): Pin "Output[0]" is stuck at GND
    Warning (13410): Pin "Output[1]" is stuck at GND
    Warning (13410): Pin "Output[2]" is stuck at GND
    Warning (13410): Pin "Output[3]" is stuck at GND
    Warning (13410): Pin "Output[4]" is stuck at GND
    Warning (13410): Pin "Output[5]" is stuck at GND
    Warning (13410): Pin "Output[6]" is stuck at GND
    Warning (13410): Pin "Output[7]" is stuck at GND
Info (17049): 13 registers lost all their fanouts during netlist optimizations.
Info (144001): Generated suppressed messages file C:/Users/Prince/Desktop/ASIC/Lab2/Processor/output_files/Processor.map.smsg
Info (16010): Generating hard_block partition "hard_block:auto_generated_inst"
    Info (16011): Adding 0 node(s), including 0 DDIO, 0 PLL, 0 transceiver and 0 LCELL
Warning (21074): Design contains 11 input pin(s) that do not drive logic
    Warning (15610): No output dependent on input pin "Enter"
    Warning (15610): No output dependent on input pin "Input[0]"
    Warning (15610): No output dependent on input pin "Clock"
    Warning (15610): No output dependent on input pin "Reset"
    Warning (15610): No output dependent on input pin "Input[1]"
    Warning (15610): No output dependent on input pin "Input[2]"
    Warning (15610): No output dependent on input pin "Input[3]"
    Warning (15610): No output dependent on input pin "Input[4]"
    Warning (15610): No output dependent on input pin "Input[5]"
    Warning (15610): No output dependent on input pin "Input[6]"
    Warning (15610): No output dependent on input pin "Input[7]"
Info (21057): Implemented 20 device resources after synthesis - the final resource count might be different
    Info (21058): Implemented 11 input pins
    Info (21059): Implemented 9 output pins
Info: Quartus II 64-Bit Analysis & Synthesis was successful. 0 errors, 24 warnings
    Info: Peak virtual memory: 491 megabytes
    Info: Processing ended: Sun Dec 13 11:48:26 2015
    Info: Elapsed time: 00:00:01
    Info: Total CPU time (on all processors): 00:00:02


+------------------------------------------+
; Analysis & Synthesis Suppressed Messages ;
+------------------------------------------+
The suppressed messages can be found in C:/Users/Prince/Desktop/ASIC/Lab2/Processor/output_files/Processor.map.smsg.


